[0.008s] Invoking command in '/home/ragglesoft/Desktop/ros_ws/build/lunabot': CMAKE_PREFIX_PATH=${CMAKE_PREFIX_PATH}:/opt/ros/humble /usr/bin/cmake --build /home/ragglesoft/Desktop/ros_ws/build/lunabot -- -j12 -l12
[0.024s] -- Found ament_cmake: 1.3.10 (/opt/ros/humble/share/ament_cmake/cmake)
[0.108s] -- Found cv_bridge: 3.2.1 (/opt/ros/humble/share/cv_bridge/cmake)
[0.131s] -- Found rosidl_generator_c: 3.1.5 (/opt/ros/humble/share/rosidl_generator_c/cmake)
[0.133s] -- Found rosidl_adapter: 3.1.5 (/opt/ros/humble/share/rosidl_adapter/cmake)
[0.137s] -- Found rosidl_generator_cpp: 3.1.5 (/opt/ros/humble/share/rosidl_generator_cpp/cmake)
[0.144s] -- Using all available rosidl_typesupport_c: rosidl_typesupport_fastrtps_c;rosidl_typesupport_introspection_c
[0.153s] -- Using all available rosidl_typesupport_cpp: rosidl_typesupport_fastrtps_cpp;rosidl_typesupport_introspection_cpp
[0.197s] -- Found image_transport: 3.1.9 (/opt/ros/humble/share/image_transport/cmake)
[0.219s] -- Found rmw_implementation_cmake: 6.1.2 (/opt/ros/humble/share/rmw_implementation_cmake/cmake)
[0.220s] -- Found rmw_fastrtps_cpp: 6.2.7 (/opt/ros/humble/share/rmw_fastrtps_cpp/cmake)
[0.293s] -- Using RMW implementation 'rmw_fastrtps_cpp' as default
[0.337s] -- Found rclpy: 3.3.14 (/opt/ros/humble/share/rclpy/cmake)
[0.337s] -- Found rosidl_default_generators: 1.2.0 (/opt/ros/humble/share/rosidl_default_generators/cmake)
[0.530s] -- Found ament_cmake_ros: 0.10.0 (/opt/ros/humble/share/ament_cmake_ros/cmake)
[0.777s] -- Using all available rosidl_typesupport_c: rosidl_typesupport_fastrtps_c;rosidl_typesupport_introspection_c
[0.874s] -- Using all available rosidl_typesupport_cpp: rosidl_typesupport_fastrtps_cpp;rosidl_typesupport_introspection_cpp
[0.891s] -- Found python_cmake_module: 0.10.0 (/opt/ros/humble/share/python_cmake_module/cmake)
[0.906s] -- Using PYTHON_EXECUTABLE: /usr/bin/python3
[0.906s] -- Using PYTHON_INCLUDE_DIRS: /usr/include/python3.10
[0.906s] -- Using PYTHON_LIBRARIES: /usr/lib/x86_64-linux-gnu/libpython3.10.so
[0.925s] [31mCMake Error at /opt/ros/humble/share/ament_cmake_python/cmake/ament_python_install_package.cmake:66 (message):
[0.926s]   ament_python_install_package() the Python package folder
[0.926s]   '/home/ragglesoft/Desktop/ros_ws/src/lunabot/lunabot' doesn't contain an
[0.926s]   '__init__.py' file
[0.926s] Call Stack (most recent call first):
[0.926s]   /opt/ros/humble/share/ament_cmake_python/cmake/ament_python_install_package.cmake:39 (_ament_cmake_python_install_package)
[0.926s]   CMakeLists.txt:50 (ament_python_install_package)
[0.926s] 
[0.926s] [0m
[0.926s] -- Configuring incomplete, errors occurred!
[0.926s] See also "/home/ragglesoft/Desktop/ros_ws/build/lunabot/CMakeFiles/CMakeOutput.log".
[0.931s] gmake: *** [Makefile:226: cmake_check_build_system] Error 1
[0.933s] Invoked command in '/home/ragglesoft/Desktop/ros_ws/build/lunabot' returned '2': CMAKE_PREFIX_PATH=${CMAKE_PREFIX_PATH}:/opt/ros/humble /usr/bin/cmake --build /home/ragglesoft/Desktop/ros_ws/build/lunabot -- -j12 -l12
