[0.006s] Invoking command in '/home/ragglesoft/Desktop/ros_ws/build/lunabot': CMAKE_PREFIX_PATH=/opt/ros/humble /usr/bin/cmake /home/ragglesoft/Desktop/ros_ws/src/lunabot -DCMAKE_INSTALL_PREFIX=/home/ragglesoft/Desktop/ros_ws/install/lunabot
[0.085s] -- The C compiler identification is GNU 11.4.0
[0.141s] -- The CXX compiler identification is GNU 11.4.0
[0.148s] -- Detecting C compiler ABI info
[0.198s] -- Detecting C compiler ABI info - done
[0.205s] -- Check for working C compiler: /usr/bin/cc - skipped
[0.205s] -- Detecting C compile features
[0.205s] -- Detecting C compile features - done
[0.208s] -- Detecting CXX compiler ABI info
[0.265s] -- Detecting CXX compiler ABI info - done
[0.271s] -- Check for working CXX compiler: /usr/bin/c++ - skipped
[0.271s] -- Detecting CXX compile features
[0.271s] -- Detecting CXX compile features - done
[0.274s] -- Found ament_cmake: 1.3.10 (/opt/ros/humble/share/ament_cmake/cmake)
[0.382s] -- Found Python3: /usr/bin/python3 (found version "3.10.12") found components: Interpreter 
[0.451s] -- Found ament_lint_auto: 0.12.11 (/opt/ros/humble/share/ament_lint_auto/cmake)
[0.516s] -- Added test 'lint_cmake' to check CMake code style
[0.517s] -- Added test 'xmllint' to check XML markup files
[0.519s] -- Configuring done
[0.521s] -- Generating done
[0.522s] -- Build files have been written to: /home/ragglesoft/Desktop/ros_ws/build/lunabot
[0.526s] Invoked command in '/home/ragglesoft/Desktop/ros_ws/build/lunabot' returned '0': CMAKE_PREFIX_PATH=/opt/ros/humble /usr/bin/cmake /home/ragglesoft/Desktop/ros_ws/src/lunabot -DCMAKE_INSTALL_PREFIX=/home/ragglesoft/Desktop/ros_ws/install/lunabot
[0.527s] Invoking command in '/home/ragglesoft/Desktop/ros_ws/build/lunabot': CMAKE_PREFIX_PATH=/opt/ros/humble /usr/bin/cmake --build /home/ragglesoft/Desktop/ros_ws/build/lunabot -- -j12 -l12
[0.551s] Invoked command in '/home/ragglesoft/Desktop/ros_ws/build/lunabot' returned '0': CMAKE_PREFIX_PATH=/opt/ros/humble /usr/bin/cmake --build /home/ragglesoft/Desktop/ros_ws/build/lunabot -- -j12 -l12
[0.569s] Invoking command in '/home/ragglesoft/Desktop/ros_ws/build/lunabot': CMAKE_PREFIX_PATH=/opt/ros/humble /usr/bin/cmake --install /home/ragglesoft/Desktop/ros_ws/build/lunabot
[0.573s] -- Install configuration: ""
[0.573s] -- Installing: /home/ragglesoft/Desktop/ros_ws/install/lunabot/share/ament_index/resource_index/package_run_dependencies/lunabot
[0.574s] -- Installing: /home/ragglesoft/Desktop/ros_ws/install/lunabot/share/ament_index/resource_index/parent_prefix_path/lunabot
[0.574s] -- Installing: /home/ragglesoft/Desktop/ros_ws/install/lunabot/share/lunabot/environment/ament_prefix_path.sh
[0.574s] -- Installing: /home/ragglesoft/Desktop/ros_ws/install/lunabot/share/lunabot/environment/ament_prefix_path.dsv
[0.574s] -- Installing: /home/ragglesoft/Desktop/ros_ws/install/lunabot/share/lunabot/environment/path.sh
[0.574s] -- Installing: /home/ragglesoft/Desktop/ros_ws/install/lunabot/share/lunabot/environment/path.dsv
[0.574s] -- Installing: /home/ragglesoft/Desktop/ros_ws/install/lunabot/share/lunabot/local_setup.bash
[0.574s] -- Installing: /home/ragglesoft/Desktop/ros_ws/install/lunabot/share/lunabot/local_setup.sh
[0.574s] -- Installing: /home/ragglesoft/Desktop/ros_ws/install/lunabot/share/lunabot/local_setup.zsh
[0.574s] -- Installing: /home/ragglesoft/Desktop/ros_ws/install/lunabot/share/lunabot/local_setup.dsv
[0.574s] -- Installing: /home/ragglesoft/Desktop/ros_ws/install/lunabot/share/lunabot/package.dsv
[0.574s] -- Installing: /home/ragglesoft/Desktop/ros_ws/install/lunabot/share/ament_index/resource_index/packages/lunabot
[0.574s] -- Installing: /home/ragglesoft/Desktop/ros_ws/install/lunabot/share/lunabot/cmake/lunabotConfig.cmake
[0.575s] -- Installing: /home/ragglesoft/Desktop/ros_ws/install/lunabot/share/lunabot/cmake/lunabotConfig-version.cmake
[0.575s] -- Installing: /home/ragglesoft/Desktop/ros_ws/install/lunabot/share/lunabot/package.xml
[0.576s] Invoked command in '/home/ragglesoft/Desktop/ros_ws/build/lunabot' returned '0': CMAKE_PREFIX_PATH=/opt/ros/humble /usr/bin/cmake --install /home/ragglesoft/Desktop/ros_ws/build/lunabot
