-- Found ament_cmake: 1.3.10 (/opt/ros/humble/share/ament_cmake/cmake)
-- Found cv_bridge: 3.2.1 (/opt/ros/humble/share/cv_bridge/cmake)
-- Found rosidl_generator_c: 3.1.5 (/opt/ros/humble/share/rosidl_generator_c/cmake)
-- Found rosidl_adapter: 3.1.5 (/opt/ros/humble/share/rosidl_adapter/cmake)
-- Found rosidl_generator_cpp: 3.1.5 (/opt/ros/humble/share/rosidl_generator_cpp/cmake)
-- Using all available rosidl_typesupport_c: rosidl_typesupport_fastrtps_c;rosidl_typesupport_introspection_c
-- Using all available rosidl_typesupport_cpp: rosidl_typesupport_fastrtps_cpp;rosidl_typesupport_introspection_cpp
-- Found image_transport: 3.1.9 (/opt/ros/humble/share/image_transport/cmake)
-- Found rmw_implementation_cmake: 6.1.2 (/opt/ros/humble/share/rmw_implementation_cmake/cmake)
-- Found rmw_fastrtps_cpp: 6.2.7 (/opt/ros/humble/share/rmw_fastrtps_cpp/cmake)
-- Using RMW implementation 'rmw_fastrtps_cpp' as default
-- Found rclpy: 3.3.14 (/opt/ros/humble/share/rclpy/cmake)
-- Found rosidl_default_generators: 1.2.0 (/opt/ros/humble/share/rosidl_default_generators/cmake)
-- Found ament_cmake_ros: 0.10.0 (/opt/ros/humble/share/ament_cmake_ros/cmake)
-- Using all available rosidl_typesupport_c: rosidl_typesupport_fastrtps_c;rosidl_typesupport_introspection_c
-- Using all available rosidl_typesupport_cpp: rosidl_typesupport_fastrtps_cpp;rosidl_typesupport_introspection_cpp
-- Found python_cmake_module: 0.10.0 (/opt/ros/humble/share/python_cmake_module/cmake)
-- Using PYTHON_EXECUTABLE: /usr/bin/python3
-- Using PYTHON_INCLUDE_DIRS: /usr/include/python3.10
-- Using PYTHON_LIBRARIES: /usr/lib/x86_64-linux-gnu/libpython3.10.so
-- Found ament_lint_auto: 0.12.11 (/opt/ros/humble/share/ament_lint_auto/cmake)
-- Added test 'cppcheck' to perform static code analysis on C / C++ code
-- Configured cppcheck include dirs: /home/ragglesoft/Desktop/ros_ws/src/lunabot/include
-- Configured cppcheck exclude dirs and/or files: 
-- Added test 'flake8' to check Python code syntax and style conventions
-- Added test 'lint_cmake' to check CMake code style
-- Added test 'pep257' to check Python code against some of the docstring style conventions in PEP 257
-- Added test 'uncrustify' to check C / C++ code style
-- Configured uncrustify additional arguments: 
-- Added test 'xmllint' to check XML markup files
-- Configuring done
-- Generating done
-- Build files have been written to: /home/ragglesoft/Desktop/ros_ws/build/lunabot
[  2%] [34m[1mGenerating C code for ROS interfaces[0m
[  7%] [32mBuilding CXX object CMakeFiles/raw_image_node.dir/src/raw_image_publisher.cpp.o[0m
[  7%] [34m[1mGenerating C++ code for ROS interfaces[0m
[  7%] Built target ament_cmake_python_copy_lunabot
running egg_info
creating lunabot.egg-info
writing lunabot.egg-info/PKG-INFO
writing dependency_links to lunabot.egg-info/dependency_links.txt
writing top-level names to lunabot.egg-info/top_level.txt
writing manifest file 'lunabot.egg-info/SOURCES.txt'
reading manifest file 'lunabot.egg-info/SOURCES.txt'
writing manifest file 'lunabot.egg-info/SOURCES.txt'
[  7%] Built target lunabot__cpp
[  7%] Built target ament_cmake_python_build_lunabot_egg
[ 14%] [34m[1mGenerating C++ type support for eProsima Fast-RTPS[0m
[ 12%] [34m[1mGenerating C++ type support dispatch for ROS interfaces[0m
[ 14%] [34m[1mGenerating C++ introspection for ROS interfaces[0m
[ 19%] [32mBuilding C object CMakeFiles/lunabot__rosidl_generator_c.dir/rosidl_generator_c/lunabot/msg/detail/inference_result__functions.c.o[0m
[ 19%] [32mBuilding C object CMakeFiles/lunabot__rosidl_generator_c.dir/rosidl_generator_c/lunabot/msg/detail/yolo_v8_inference__functions.c.o[0m
[ 21%] [32m[1mLinking C shared library liblunabot__rosidl_generator_c.so[0m
[ 21%] Built target lunabot__rosidl_generator_c
[ 24%] [34m[1mGenerating C introspection for ROS interfaces[0m
[ 26%] [34m[1mGenerating C type support dispatch for ROS interfaces[0m
[ 29%] [34m[1mGenerating C type support for eProsima Fast-RTPS[0m
[ 31%] [32mBuilding CXX object CMakeFiles/lunabot__rosidl_typesupport_cpp.dir/rosidl_typesupport_cpp/lunabot/msg/inference_result__type_support.cpp.o[0m
[ 34%] [32mBuilding CXX object CMakeFiles/lunabot__rosidl_typesupport_cpp.dir/rosidl_typesupport_cpp/lunabot/msg/yolo_v8_inference__type_support.cpp.o[0m
[ 36%] [32mBuilding CXX object CMakeFiles/lunabot__rosidl_typesupport_introspection_cpp.dir/rosidl_typesupport_introspection_cpp/lunabot/msg/detail/inference_result__type_support.cpp.o[0m
[ 39%] [32mBuilding CXX object CMakeFiles/lunabot__rosidl_typesupport_introspection_cpp.dir/rosidl_typesupport_introspection_cpp/lunabot/msg/detail/yolo_v8_inference__type_support.cpp.o[0m
[ 41%] [32mBuilding CXX object CMakeFiles/lunabot__rosidl_typesupport_fastrtps_cpp.dir/rosidl_typesupport_fastrtps_cpp/lunabot/msg/detail/dds_fastrtps/inference_result__type_support.cpp.o[0m
[ 43%] [32mBuilding CXX object CMakeFiles/lunabot__rosidl_typesupport_fastrtps_cpp.dir/rosidl_typesupport_fastrtps_cpp/lunabot/msg/detail/dds_fastrtps/yolo_v8_inference__type_support.cpp.o[0m
[ 48%] [32mBuilding CXX object CMakeFiles/lunabot__rosidl_typesupport_c.dir/rosidl_typesupport_c/lunabot/msg/yolo_v8_inference__type_support.cpp.o[0m
[ 48%] [32mBuilding CXX object CMakeFiles/lunabot__rosidl_typesupport_c.dir/rosidl_typesupport_c/lunabot/msg/inference_result__type_support.cpp.o[0m
[ 51%] [32m[1mLinking CXX shared library liblunabot__rosidl_typesupport_c.so[0m
[ 51%] Built target lunabot__rosidl_typesupport_c
[ 53%] [32mBuilding C object CMakeFiles/lunabot__rosidl_typesupport_introspection_c.dir/rosidl_typesupport_introspection_c/lunabot/msg/detail/inference_result__type_support.c.o[0m
[ 56%] [32mBuilding C object CMakeFiles/lunabot__rosidl_typesupport_introspection_c.dir/rosidl_typesupport_introspection_c/lunabot/msg/detail/yolo_v8_inference__type_support.c.o[0m
[ 58%] [32m[1mLinking C shared library liblunabot__rosidl_typesupport_introspection_c.so[0m
[ 58%] Built target lunabot__rosidl_typesupport_introspection_c
[ 63%] [32mBuilding CXX object CMakeFiles/lunabot__rosidl_typesupport_fastrtps_c.dir/rosidl_typesupport_fastrtps_c/lunabot/msg/detail/inference_result__type_support_c.cpp.o[0m
[ 63%] [32mBuilding CXX object CMakeFiles/lunabot__rosidl_typesupport_fastrtps_c.dir/rosidl_typesupport_fastrtps_c/lunabot/msg/detail/yolo_v8_inference__type_support_c.cpp.o[0m
[ 65%] [32m[1mLinking CXX shared library liblunabot__rosidl_typesupport_cpp.so[0m
[ 65%] Built target lunabot__rosidl_typesupport_cpp
[ 68%] [32m[1mLinking CXX shared library liblunabot__rosidl_typesupport_fastrtps_cpp.so[0m
[ 70%] [32m[1mLinking CXX shared library liblunabot__rosidl_typesupport_introspection_cpp.so[0m
[ 73%] [32m[1mLinking CXX shared library liblunabot__rosidl_typesupport_fastrtps_c.so[0m
[ 73%] Built target lunabot__rosidl_typesupport_fastrtps_cpp
[ 73%] Built target lunabot__rosidl_typesupport_introspection_cpp
[ 73%] Built target lunabot__rosidl_typesupport_fastrtps_c
[ 73%] Built target lunabot
[ 75%] [34m[1mGenerating Python code for ROS interfaces[0m
[ 75%] Built target lunabot__py
[ 80%] [32mBuilding C object CMakeFiles/lunabot__rosidl_generator_py.dir/rosidl_generator_py/lunabot/msg/_yolo_v8_inference_s.c.o[0m
[ 80%] [32mBuilding C object CMakeFiles/lunabot__rosidl_generator_py.dir/rosidl_generator_py/lunabot/msg/_inference_result_s.c.o[0m
[ 82%] [32m[1mLinking C shared library rosidl_generator_py/lunabot/liblunabot__rosidl_generator_py.so[0m
[ 82%] Built target lunabot__rosidl_generator_py
[ 90%] [32mBuilding C object CMakeFiles/lunabot__rosidl_typesupport_c__pyext.dir/rosidl_generator_py/lunabot/_lunabot_s.ep.rosidl_typesupport_c.c.o[0m
[ 90%] [32mBuilding C object CMakeFiles/lunabot__rosidl_typesupport_fastrtps_c__pyext.dir/rosidl_generator_py/lunabot/_lunabot_s.ep.rosidl_typesupport_fastrtps_c.c.o[0m
[ 90%] [32mBuilding C object CMakeFiles/lunabot__rosidl_typesupport_introspection_c__pyext.dir/rosidl_generator_py/lunabot/_lunabot_s.ep.rosidl_typesupport_introspection_c.c.o[0m
[ 97%] [32m[1mLinking C shared library rosidl_generator_py/lunabot/lunabot_s__rosidl_typesupport_c.cpython-310-x86_64-linux-gnu.so[0m
[ 97%] [32m[1mLinking C shared library rosidl_generator_py/lunabot/lunabot_s__rosidl_typesupport_fastrtps_c.cpython-310-x86_64-linux-gnu.so[0m
[ 97%] [32m[1mLinking C shared library rosidl_generator_py/lunabot/lunabot_s__rosidl_typesupport_introspection_c.cpython-310-x86_64-linux-gnu.so[0m
[ 97%] Built target lunabot__rosidl_typesupport_introspection_c__pyext
[ 97%] Built target lunabot__rosidl_typesupport_fastrtps_c__pyext
[ 97%] Built target lunabot__rosidl_typesupport_c__pyext
[01m[K/home/ragglesoft/Desktop/ros_ws/src/lunabot/src/raw_image_publisher.cpp:9:20:[m[K [01;31m[Kerror: [m[Kfound ‘[01m[K:[m[K’ in nested-name-specifier, expected ‘[01m[K::[m[K’
    9 | using namespace std[01;31m[K:[m[Kchrono_literals;
      |                    [01;31m[K^[m[K
      |                    [32m[K::[m[K
[01m[K/home/ragglesoft/Desktop/ros_ws/src/lunabot/src/raw_image_publisher.cpp:[m[K In constructor ‘[01m[KRawImagePublisher::RawImagePublisher()[m[K’:
[01m[K/home/ragglesoft/Desktop/ros_ws/src/lunabot/src/raw_image_publisher.cpp:13:55:[m[K [01;31m[Kerror: [m[Kexpression cannot be used as a function
   13 |     RawImagePublisher() : Node("raw_image_pub", [01;31m[Kcount_(0)[m[K) {
      |                                                 [01;31m[K~~~~~~^~~[m[K
[01m[K/home/ragglesoft/Desktop/ros_ws/src/lunabot/src/raw_image_publisher.cpp:14:7:[m[K [01;31m[Kerror: [m[K‘[01m[Kpublisher[m[K’ was not declared in this scope; did you mean ‘[01m[Kpublisher_[m[K’?
   14 |       [01;31m[Kpublisher[m[K = this -> create_publisher<sensor_msgs::msg::Image> ("raw_image", 10);
      |       [01;31m[K^~~~~~~~~[m[K
      |       [32m[Kpublisher_[m[K
[01m[K/home/ragglesoft/Desktop/ros_ws/src/lunabot/src/raw_image_publisher.cpp:15:7:[m[K [01;31m[Kerror: [m[K‘[01m[Ktimer[m[K’ was not declared in this scope; did you mean ‘[01m[Ktimer_[m[K’?
   15 |       [01;31m[Ktimer[m[K = this -> create_wall_timer(500ms, std::bind(&RawImagePublisher::timer_callback, this, std::placeholder::_1));
      |       [01;31m[K^~~~~[m[K
      |       [32m[Ktimer_[m[K
[01m[K/home/ragglesoft/Desktop/ros_ws/src/lunabot/src/raw_image_publisher.cpp:15:105:[m[K [01;31m[Kerror: [m[K‘[01m[Kstd::placeholder[m[K’ has not been declared
   15 |       timer = this -> create_wall_timer(500ms, std::bind(&RawImagePublisher::timer_callback, this, std::[01;31m[Kplaceholder[m[K::_1));
      |                                                                                                         [01;31m[K^~~~~~~~~~~[m[K
[01m[K/home/ragglesoft/Desktop/ros_ws/src/lunabot/src/raw_image_publisher.cpp:[m[K In member function ‘[01m[Kvoid RawImagePublisher::timer_callback()[m[K’:
[01m[K/home/ragglesoft/Desktop/ros_ws/src/lunabot/src/raw_image_publisher.cpp:20:68:[m[K [01;31m[Kerror: [m[Kno matching function for call to ‘[01m[Kcv::Mat::Mat(cv::Size, cv::Scalar)[m[K’
   20 |       cv::Mat new_image(cv::Size(640, 480), cv::Scalar(255,255,255)[01;31m[K)[m[K;
      |                                                                    [01;31m[K^[m[K
In file included from [01m[K/usr/include/opencv4/opencv2/core.hpp:58[m[K,
                 from [01m[K/usr/include/opencv4/opencv2/core/core.hpp:48[m[K,
                 from [01m[K/opt/ros/humble/include/cv_bridge/cv_bridge/cv_bridge.h:43[m[K,
                 from [01m[K/home/ragglesoft/Desktop/ros_ws/src/lunabot/src/raw_image_publisher.cpp:5[m[K:
[01m[K/usr/include/opencv4/opencv2/core/mat.hpp:1048:37:[m[K [01;36m[Knote: [m[Kcandidate: ‘[01m[Ktemplate<class _Tp> cv::Mat::Mat(const cv::MatCommaInitializer_<_Tp>&)[m[K’
 1048 |     template<typename _Tp> explicit [01;36m[KMat[m[K(const MatCommaInitializer_<_Tp>& commaInitializer);
      |                                     [01;36m[K^~~[m[K
[01m[K/usr/include/opencv4/opencv2/core/mat.hpp:1048:37:[m[K [01;36m[Knote: [m[K  template argument deduction/substitution failed:
[01m[K/home/ragglesoft/Desktop/ros_ws/src/lunabot/src/raw_image_publisher.cpp:20:68:[m[K [01;36m[Knote: [m[K  ‘[01m[Kcv::Size[m[K’ {aka ‘[01m[Kcv::Size_<int>[m[K’} is not derived from ‘[01m[Kconst cv::MatCommaInitializer_<_Tp>[m[K’
   20 |       cv::Mat new_image(cv::Size(640, 480), cv::Scalar(255,255,255)[01;36m[K)[m[K;
      |                                                                    [01;36m[K^[m[K
In file included from [01m[K/usr/include/opencv4/opencv2/core.hpp:58[m[K,
                 from [01m[K/usr/include/opencv4/opencv2/core/core.hpp:48[m[K,
                 from [01m[K/opt/ros/humble/include/cv_bridge/cv_bridge/cv_bridge.h:43[m[K,
                 from [01m[K/home/ragglesoft/Desktop/ros_ws/src/lunabot/src/raw_image_publisher.cpp:5[m[K:
[01m[K/usr/include/opencv4/opencv2/core/mat.hpp:1044:37:[m[K [01;36m[Knote: [m[Kcandidate: ‘[01m[Ktemplate<class _Tp> cv::Mat::Mat(const cv::Point3_<_Tp>&, bool)[m[K’
 1044 |     template<typename _Tp> explicit [01;36m[KMat[m[K(const Point3_<_Tp>& pt, bool copyData=true);
      |                                     [01;36m[K^~~[m[K
[01m[K/usr/include/opencv4/opencv2/core/mat.hpp:1044:37:[m[K [01;36m[Knote: [m[K  template argument deduction/substitution failed:
[01m[K/home/ragglesoft/Desktop/ros_ws/src/lunabot/src/raw_image_publisher.cpp:20:68:[m[K [01;36m[Knote: [m[K  ‘[01m[Kcv::Size[m[K’ {aka ‘[01m[Kcv::Size_<int>[m[K’} is not derived from ‘[01m[Kconst cv::Point3_<_Tp>[m[K’
   20 |       cv::Mat new_image(cv::Size(640, 480), cv::Scalar(255,255,255)[01;36m[K)[m[K;
      |                                                                    [01;36m[K^[m[K
In file included from [01m[K/usr/include/opencv4/opencv2/core.hpp:58[m[K,
                 from [01m[K/usr/include/opencv4/opencv2/core/core.hpp:48[m[K,
                 from [01m[K/opt/ros/humble/include/cv_bridge/cv_bridge/cv_bridge.h:43[m[K,
                 from [01m[K/home/ragglesoft/Desktop/ros_ws/src/lunabot/src/raw_image_publisher.cpp:5[m[K:
[01m[K/usr/include/opencv4/opencv2/core/mat.hpp:1040:37:[m[K [01;36m[Knote: [m[Kcandidate: ‘[01m[Ktemplate<class _Tp> cv::Mat::Mat(const cv::Point_<_Tp>&, bool)[m[K’
 1040 |     template<typename _Tp> explicit [01;36m[KMat[m[K(const Point_<_Tp>& pt, bool copyData=true);
      |                                     [01;36m[K^~~[m[K
[01m[K/usr/include/opencv4/opencv2/core/mat.hpp:1040:37:[m[K [01;36m[Knote: [m[K  template argument deduction/substitution failed:
[01m[K/home/ragglesoft/Desktop/ros_ws/src/lunabot/src/raw_image_publisher.cpp:20:68:[m[K [01;36m[Knote: [m[K  ‘[01m[Kcv::Size[m[K’ {aka ‘[01m[Kcv::Size_<int>[m[K’} is not derived from ‘[01m[Kconst cv::Point_<_Tp>[m[K’
   20 |       cv::Mat new_image(cv::Size(640, 480), cv::Scalar(255,255,255)[01;36m[K)[m[K;
      |                                                                    [01;36m[K^[m[K
In file included from [01m[K/usr/include/opencv4/opencv2/core.hpp:58[m[K,
                 from [01m[K/usr/include/opencv4/opencv2/core/core.hpp:48[m[K,
                 from [01m[K/opt/ros/humble/include/cv_bridge/cv_bridge/cv_bridge.h:43[m[K,
                 from [01m[K/home/ragglesoft/Desktop/ros_ws/src/lunabot/src/raw_image_publisher.cpp:5[m[K:
[01m[K/usr/include/opencv4/opencv2/core/mat.hpp:1036:51:[m[K [01;36m[Knote: [m[Kcandidate: ‘[01m[Ktemplate<class _Tp, int m, int n> cv::Mat::Mat(const cv::Matx<_Tp, m, n>&, bool)[m[K’
 1036 |     template<typename _Tp, int m, int n> explicit [01;36m[KMat[m[K(const Matx<_Tp, m, n>& mtx, bool copyData=true);
      |                                                   [01;36m[K^~~[m[K
[01m[K/usr/include/opencv4/opencv2/core/mat.hpp:1036:51:[m[K [01;36m[Knote: [m[K  template argument deduction/substitution failed:
[01m[K/home/ragglesoft/Desktop/ros_ws/src/lunabot/src/raw_image_publisher.cpp:20:68:[m[K [01;36m[Knote: [m[K  ‘[01m[Kcv::Size[m[K’ {aka ‘[01m[Kcv::Size_<int>[m[K’} is not derived from ‘[01m[Kconst cv::Matx<_Tp, m, n>[m[K’
   20 |       cv::Mat new_image(cv::Size(640, 480), cv::Scalar(255,255,255)[01;36m[K)[m[K;
      |                                                                    [01;36m[K^[m[K
In file included from [01m[K/usr/include/opencv4/opencv2/core.hpp:58[m[K,
                 from [01m[K/usr/include/opencv4/opencv2/core/core.hpp:48[m[K,
                 from [01m[K/opt/ros/humble/include/cv_bridge/cv_bridge/cv_bridge.h:43[m[K,
                 from [01m[K/home/ragglesoft/Desktop/ros_ws/src/lunabot/src/raw_image_publisher.cpp:5[m[K:
[01m[K/usr/include/opencv4/opencv2/core/mat.hpp:1032:44:[m[K [01;36m[Knote: [m[Kcandidate: ‘[01m[Ktemplate<class _Tp, int n> cv::Mat::Mat(const cv::Vec<_Tp, m>&, bool)[m[K’
 1032 |     template<typename _Tp, int n> explicit [01;36m[KMat[m[K(const Vec<_Tp, n>& vec, bool copyData=true);
      |                                            [01;36m[K^~~[m[K
[01m[K/usr/include/opencv4/opencv2/core/mat.hpp:1032:44:[m[K [01;36m[Knote: [m[K  template argument deduction/substitution failed:
[01m[K/home/ragglesoft/Desktop/ros_ws/src/lunabot/src/raw_image_publisher.cpp:20:68:[m[K [01;36m[Knote: [m[K  ‘[01m[Kcv::Size[m[K’ {aka ‘[01m[Kcv::Size_<int>[m[K’} is not derived from ‘[01m[Kconst cv::Vec<_Tp, m>[m[K’
   20 |       cv::Mat new_image(cv::Size(640, 480), cv::Scalar(255,255,255)[01;36m[K)[m[K;
      |                                                                    [01;36m[K^[m[K
In file included from [01m[K/usr/include/opencv4/opencv2/core.hpp:58[m[K,
                 from [01m[K/usr/include/opencv4/opencv2/core/core.hpp:48[m[K,
                 from [01m[K/opt/ros/humble/include/cv_bridge/cv_bridge/cv_bridge.h:43[m[K,
                 from [01m[K/home/ragglesoft/Desktop/ros_ws/src/lunabot/src/raw_image_publisher.cpp:5[m[K:
[01m[K/usr/include/opencv4/opencv2/core/mat.hpp:1028:49:[m[K [01;36m[Knote: [m[Kcandidate: ‘[01m[Ktemplate<class _Tp, long unsigned int _Nm> cv::Mat::Mat(const std::array<_Tp, _Nm>&, bool)[m[K’
 1028 |     template<typename _Tp, size_t _Nm> explicit [01;36m[KMat[m[K(const std::array<_Tp, _Nm>& arr, bool copyData=false);
      |                                                 [01;36m[K^~~[m[K
[01m[K/usr/include/opencv4/opencv2/core/mat.hpp:1028:49:[m[K [01;36m[Knote: [m[K  template argument deduction/substitution failed:
[01m[K/home/ragglesoft/Desktop/ros_ws/src/lunabot/src/raw_image_publisher.cpp:20:68:[m[K [01;36m[Knote: [m[K  ‘[01m[Kcv::Size[m[K’ {aka ‘[01m[Kcv::Size_<int>[m[K’} is not derived from ‘[01m[Kconst std::array<_Tp, _Nm>[m[K’
   20 |       cv::Mat new_image(cv::Size(640, 480), cv::Scalar(255,255,255)[01;36m[K)[m[K;
      |                                                                    [01;36m[K^[m[K
In file included from [01m[K/usr/include/opencv4/opencv2/core.hpp:58[m[K,
                 from [01m[K/usr/include/opencv4/opencv2/core/core.hpp:48[m[K,
                 from [01m[K/opt/ros/humble/include/cv_bridge/cv_bridge/cv_bridge.h:43[m[K,
                 from [01m[K/home/ragglesoft/Desktop/ros_ws/src/lunabot/src/raw_image_publisher.cpp:5[m[K:
[01m[K/usr/include/opencv4/opencv2/core/mat.hpp:1024:37:[m[K [01;36m[Knote: [m[Kcandidate: ‘[01m[Ktemplate<class _Tp> cv::Mat::Mat(std::initializer_list<int>, std::initializer_list<_Tp>)[m[K’
 1024 |     template<typename _Tp> explicit [01;36m[KMat[m[K(const std::initializer_list<int> sizes, const std::initializer_list<_Tp> list);
      |                                     [01;36m[K^~~[m[K
[01m[K/usr/include/opencv4/opencv2/core/mat.hpp:1024:37:[m[K [01;36m[Knote: [m[K  template argument deduction/substitution failed:
[01m[K/home/ragglesoft/Desktop/ros_ws/src/lunabot/src/raw_image_publisher.cpp:20:68:[m[K [01;36m[Knote: [m[K  ‘[01m[Kcv::Scalar_<double>[m[K’ is not derived from ‘[01m[Kstd::initializer_list<_Tp>[m[K’
   20 |       cv::Mat new_image(cv::Size(640, 480), cv::Scalar(255,255,255)[01;36m[K)[m[K;
      |                                                                    [01;36m[K^[m[K
In file included from [01m[K/usr/include/opencv4/opencv2/core.hpp:58[m[K,
                 from [01m[K/usr/include/opencv4/opencv2/core/core.hpp:48[m[K,
                 from [01m[K/opt/ros/humble/include/cv_bridge/cv_bridge/cv_bridge.h:43[m[K,
                 from [01m[K/home/ragglesoft/Desktop/ros_ws/src/lunabot/src/raw_image_publisher.cpp:5[m[K:
[01m[K/usr/include/opencv4/opencv2/core/mat.hpp:1020:14:[m[K [01;36m[Knote: [m[Kcandidate: ‘[01m[Ktemplate<class _Tp, class> cv::Mat::Mat(std::initializer_list<_Tp>)[m[K’
 1020 |     explicit [01;36m[KMat[m[K(const std::initializer_list<_Tp> list);
      |              [01;36m[K^~~[m[K
[01m[K/usr/include/opencv4/opencv2/core/mat.hpp:1020:14:[m[K [01;36m[Knote: [m[K  template argument deduction/substitution failed:
[01m[K/home/ragglesoft/Desktop/ros_ws/src/lunabot/src/raw_image_publisher.cpp:20:68:[m[K [01;36m[Knote: [m[K  ‘[01m[Kcv::Size_<int>[m[K’ is not derived from ‘[01m[Kstd::initializer_list<_Tp>[m[K’
   20 |       cv::Mat new_image(cv::Size(640, 480), cv::Scalar(255,255,255)[01;36m[K)[m[K;
      |                                                                    [01;36m[K^[m[K
In file included from [01m[K/usr/include/opencv4/opencv2/core.hpp:58[m[K,
                 from [01m[K/usr/include/opencv4/opencv2/core/core.hpp:48[m[K,
                 from [01m[K/opt/ros/humble/include/cv_bridge/cv_bridge/cv_bridge.h:43[m[K,
                 from [01m[K/home/ragglesoft/Desktop/ros_ws/src/lunabot/src/raw_image_publisher.cpp:5[m[K:
[01m[K/usr/include/opencv4/opencv2/core/mat.hpp:1015:37:[m[K [01;36m[Knote: [m[Kcandidate: ‘[01m[Ktemplate<class _Tp> cv::Mat::Mat(const std::vector<BufferT>&, bool)[m[K’
 1015 |     template<typename _Tp> explicit [01;36m[KMat[m[K(const std::vector<_Tp>& vec, bool copyData=false);
      |                                     [01;36m[K^~~[m[K
[01m[K/usr/include/opencv4/opencv2/core/mat.hpp:1015:37:[m[K [01;36m[Knote: [m[K  template argument deduction/substitution failed:
[01m[K/home/ragglesoft/Desktop/ros_ws/src/lunabot/src/raw_image_publisher.cpp:20:68:[m[K [01;36m[Knote: [m[K  ‘[01m[Kcv::Size[m[K’ {aka ‘[01m[Kcv::Size_<int>[m[K’} is not derived from ‘[01m[Kconst std::vector<BufferT>[m[K’
   20 |       cv::Mat new_image(cv::Size(640, 480), cv::Scalar(255,255,255)[01;36m[K)[m[K;
      |                                                                    [01;36m[K^[m[K
In file included from [01m[K/usr/include/opencv4/opencv2/core.hpp:58[m[K,
                 from [01m[K/usr/include/opencv4/opencv2/core/core.hpp:48[m[K,
                 from [01m[K/opt/ros/humble/include/cv_bridge/cv_bridge/cv_bridge.h:43[m[K,
                 from [01m[K/home/ragglesoft/Desktop/ros_ws/src/lunabot/src/raw_image_publisher.cpp:5[m[K:
[01m[K/usr/include/opencv4/opencv2/core/mat.hpp:2091:5:[m[K [01;36m[Knote: [m[Kcandidate: ‘[01m[Kcv::Mat::Mat(cv::Mat&&)[m[K’
 2091 |     [01;36m[KMat[m[K(Mat&& m);
      |     [01;36m[K^~~[m[K
[01m[K/usr/include/opencv4/opencv2/core/mat.hpp:2091:5:[m[K [01;36m[Knote: [m[K  candidate expects 1 argument, 2 provided
In file included from [01m[K/usr/include/opencv4/opencv2/core/cuda.hpp:1268[m[K,
                 from [01m[K/usr/include/opencv4/opencv2/stitching/detail/warpers.hpp:47[m[K,
                 from [01m[K/usr/include/opencv4/opencv2/stitching/warpers.hpp:46[m[K,
                 from [01m[K/usr/include/opencv4/opencv2/stitching.hpp:48[m[K,
                 from [01m[K/usr/include/opencv4/opencv2/opencv.hpp:86[m[K,
                 from [01m[K/home/ragglesoft/Desktop/ros_ws/src/lunabot/src/raw_image_publisher.cpp:7[m[K:
[01m[K/usr/include/opencv4/opencv2/core/cuda.inl.hpp:713:1:[m[K [01;36m[Knote: [m[Kcandidate: ‘[01m[Kcv::Mat::Mat(const cv::cuda::GpuMat&)[m[K’
  713 | [01;36m[KMat[m[K::Mat(const cuda::GpuMat& m)
      | [01;36m[K^~~[m[K
[01m[K/usr/include/opencv4/opencv2/core/cuda.inl.hpp:713:1:[m[K [01;36m[Knote: [m[K  candidate expects 1 argument, 2 provided
In file included from [01m[K/usr/include/opencv4/opencv2/core.hpp:58[m[K,
                 from [01m[K/usr/include/opencv4/opencv2/core/core.hpp:48[m[K,
                 from [01m[K/opt/ros/humble/include/cv_bridge/cv_bridge/cv_bridge.h:43[m[K,
                 from [01m[K/home/ragglesoft/Desktop/ros_ws/src/lunabot/src/raw_image_publisher.cpp:5[m[K:
[01m[K/usr/include/opencv4/opencv2/core/mat.hpp:997:5:[m[K [01;36m[Knote: [m[Kcandidate: ‘[01m[Kcv::Mat::Mat(const cv::Mat&, const std::vector<cv::Range>&)[m[K’
  997 |     [01;36m[KMat[m[K(const Mat& m, const std::vector<Range>& ranges);
      |     [01;36m[K^~~[m[K
[01m[K/usr/include/opencv4/opencv2/core/mat.hpp:997:20:[m[K [01;36m[Knote: [m[K  no known conversion for argument 1 from ‘[01m[Kcv::Size[m[K’ {aka ‘[01m[Kcv::Size_<int>[m[K’} to ‘[01m[Kconst cv::Mat&[m[K’
  997 |     Mat([01;36m[Kconst Mat& m[m[K, const std::vector<Range>& ranges);
      |         [01;36m[K~~~~~~~~~~~^[m[K
[01m[K/usr/include/opencv4/opencv2/core/mat.hpp:987:5:[m[K [01;36m[Knote: [m[Kcandidate: ‘[01m[Kcv::Mat::Mat(const cv::Mat&, const cv::Range*)[m[K’
  987 |     [01;36m[KMat[m[K(const Mat& m, const Range* ranges);
      |     [01;36m[K^~~[m[K
[01m[K/usr/include/opencv4/opencv2/core/mat.hpp:987:20:[m[K [01;36m[Knote: [m[K  no known conversion for argument 1 from ‘[01m[Kcv::Size[m[K’ {aka ‘[01m[Kcv::Size_<int>[m[K’} to ‘[01m[Kconst cv::Mat&[m[K’
  987 |     Mat([01;36m[Kconst Mat& m[m[K, const Range* ranges);
      |         [01;36m[K~~~~~~~~~~~^[m[K
[01m[K/usr/include/opencv4/opencv2/core/mat.hpp:977:5:[m[K [01;36m[Knote: [m[Kcandidate: ‘[01m[Kcv::Mat::Mat(const cv::Mat&, const Rect&)[m[K’
  977 |     [01;36m[KMat[m[K(const Mat& m, const Rect& roi);
      |     [01;36m[K^~~[m[K
[01m[K/usr/include/opencv4/opencv2/core/mat.hpp:977:20:[m[K [01;36m[Knote: [m[K  no known conversion for argument 1 from ‘[01m[Kcv::Size[m[K’ {aka ‘[01m[Kcv::Size_<int>[m[K’} to ‘[01m[Kconst cv::Mat&[m[K’
  977 |     Mat([01;36m[Kconst Mat& m[m[K, const Rect& roi);
      |         [01;36m[K~~~~~~~~~~~^[m[K
[01m[K/usr/include/opencv4/opencv2/core/mat.hpp:967:5:[m[K [01;36m[Knote: [m[Kcandidate: ‘[01m[Kcv::Mat::Mat(const cv::Mat&, const cv::Range&, const cv::Range&)[m[K’
  967 |     [01;36m[KMat[m[K(const Mat& m, const Range& rowRange, const Range& colRange=Range::all());
      |     [01;36m[K^~~[m[K
[01m[K/usr/include/opencv4/opencv2/core/mat.hpp:967:20:[m[K [01;36m[Knote: [m[K  no known conversion for argument 1 from ‘[01m[Kcv::Size[m[K’ {aka ‘[01m[Kcv::Size_<int>[m[K’} to ‘[01m[Kconst cv::Mat&[m[K’
  967 |     Mat([01;36m[Kconst Mat& m[m[K, const Range& rowRange, const Range& colRange=Range::all());
      |         [01;36m[K~~~~~~~~~~~^[m[K
[01m[K/usr/include/opencv4/opencv2/core/mat.hpp:955:5:[m[K [01;36m[Knote: [m[Kcandidate: ‘[01m[Kcv::Mat::Mat(const std::vector<int>&, int, void*, const size_t*)[m[K’
  955 |     [01;36m[KMat[m[K(const std::vector<int>& sizes, int type, void* data, const size_t* steps=0);
      |     [01;36m[K^~~[m[K
[01m[K/usr/include/opencv4/opencv2/core/mat.hpp:955:5:[m[K [01;36m[Knote: [m[K  candidate expects 4 arguments, 2 provided
[01m[K/usr/include/opencv4/opencv2/core/mat.hpp:941:5:[m[K [01;36m[Knote: [m[Kcandidate: ‘[01m[Kcv::Mat::Mat(int, const int*, int, void*, const size_t*)[m[K’
  941 |     [01;36m[KMat[m[K(int ndims, const int* sizes, int type, void* data, const size_t* steps=0);
      |     [01;36m[K^~~[m[K
[01m[K/usr/include/opencv4/opencv2/core/mat.hpp:941:5:[m[K [01;36m[Knote: [m[K  candidate expects 5 arguments, 2 provided
[01m[K/usr/include/opencv4/opencv2/core/mat.hpp:926:5:[m[K [01;36m[Knote: [m[Kcandidate: ‘[01m[Kcv::Mat::Mat(cv::Size, int, void*, size_t)[m[K’
  926 |     [01;36m[KMat[m[K(Size size, int type, void* data, size_t step=AUTO_STEP);
      |     [01;36m[K^~~[m[K
[01m[K/usr/include/opencv4/opencv2/core/mat.hpp:926:5:[m[K [01;36m[Knote: [m[K  candidate expects 4 arguments, 2 provided
[01m[K/usr/include/opencv4/opencv2/core/mat.hpp:910:5:[m[K [01;36m[Knote: [m[Kcandidate: ‘[01m[Kcv::Mat::Mat(int, int, int, void*, size_t)[m[K’
  910 |     [01;36m[KMat[m[K(int rows, int cols, int type, void* data, size_t step=AUTO_STEP);
      |     [01;36m[K^~~[m[K
[01m[K/usr/include/opencv4/opencv2/core/mat.hpp:910:5:[m[K [01;36m[Knote: [m[K  candidate expects 5 arguments, 2 provided
[01m[K/usr/include/opencv4/opencv2/core/mat.hpp:894:5:[m[K [01;36m[Knote: [m[Kcandidate: ‘[01m[Kcv::Mat::Mat(const cv::Mat&)[m[K’
  894 |     [01;36m[KMat[m[K(const Mat& m);
      |     [01;36m[K^~~[m[K
[01m[K/usr/include/opencv4/opencv2/core/mat.hpp:894:5:[m[K [01;36m[Knote: [m[K  candidate expects 1 argument, 2 provided
[01m[K/usr/include/opencv4/opencv2/core/mat.hpp:884:5:[m[K [01;36m[Knote: [m[Kcandidate: ‘[01m[Kcv::Mat::Mat(const std::vector<int>&, int, const Scalar&)[m[K’
  884 |     [01;36m[KMat[m[K(const std::vector<int>& sizes, int type, const Scalar& s);
      |     [01;36m[K^~~[m[K
[01m[K/usr/include/opencv4/opencv2/core/mat.hpp:884:5:[m[K [01;36m[Knote: [m[K  candidate expects 3 arguments, 2 provided
[01m[K/usr/include/opencv4/opencv2/core/mat.hpp:874:5:[m[K [01;36m[Knote: [m[Kcandidate: ‘[01m[Kcv::Mat::Mat(int, const int*, int, const Scalar&)[m[K’
  874 |     [01;36m[KMat[m[K(int ndims, const int* sizes, int type, const Scalar& s);
      |     [01;36m[K^~~[m[K
[01m[K/usr/include/opencv4/opencv2/core/mat.hpp:874:5:[m[K [01;36m[Knote: [m[K  candidate expects 4 arguments, 2 provided
[01m[K/usr/include/opencv4/opencv2/core/mat.hpp:863:5:[m[K [01;36m[Knote: [m[Kcandidate: ‘[01m[Kcv::Mat::Mat(const std::vector<int>&, int)[m[K’
  863 |     [01;36m[KMat[m[K(const std::vector<int>& sizes, int type);
      |     [01;36m[K^~~[m[K
[01m[K/usr/include/opencv4/opencv2/core/mat.hpp:863:33:[m[K [01;36m[Knote: [m[K  no known conversion for argument 1 from ‘[01m[Kcv::Size[m[K’ {aka ‘[01m[Kcv::Size_<int>[m[K’} to ‘[01m[Kconst std::vector<int>&[m[K’
  863 |     Mat([01;36m[Kconst std::vector<int>& sizes[m[K, int type);
      |         [01;36m[K~~~~~~~~~~~~~~~~~~~~~~~~^~~~~[m[K
[01m[K/usr/include/opencv4/opencv2/core/mat.hpp:856:5:[m[K [01;36m[Knote: [m[Kcandidate: ‘[01m[Kcv::Mat::Mat(int, const int*, int)[m[K’
  856 |     [01;36m[KMat[m[K(int ndims, const int* sizes, int type);
      |     [01;36m[K^~~[m[K
[01m[K/usr/include/opencv4/opencv2/core/mat.hpp:856:5:[m[K [01;36m[Knote: [m[K  candidate expects 3 arguments, 2 provided
[01m[K/usr/include/opencv4/opencv2/core/mat.hpp:848:5:[m[K [01;36m[Knote: [m[Kcandidate: ‘[01m[Kcv::Mat::Mat(cv::Size, int, const Scalar&)[m[K’
  848 |     [01;36m[KMat[m[K(Size size, int type, const Scalar& s);
      |     [01;36m[K^~~[m[K
[01m[K/usr/include/opencv4/opencv2/core/mat.hpp:848:5:[m[K [01;36m[Knote: [m[K  candidate expects 3 arguments, 2 provided
[01m[K/usr/include/opencv4/opencv2/core/mat.hpp:837:5:[m[K [01;36m[Knote: [m[Kcandidate: ‘[01m[Kcv::Mat::Mat(int, int, int, const Scalar&)[m[K’
  837 |     [01;36m[KMat[m[K(int rows, int cols, int type, const Scalar& s);
      |     [01;36m[K^~~[m[K
[01m[K/usr/include/opencv4/opencv2/core/mat.hpp:837:5:[m[K [01;36m[Knote: [m[K  candidate expects 4 arguments, 2 provided
[01m[K/usr/include/opencv4/opencv2/core/mat.hpp:826:5:[m[K [01;36m[Knote: [m[Kcandidate: ‘[01m[Kcv::Mat::Mat(cv::Size, int)[m[K’
  826 |     [01;36m[KMat[m[K(Size size, int type);
      |     [01;36m[K^~~[m[K
[01m[K/usr/include/opencv4/opencv2/core/mat.hpp:826:24:[m[K [01;36m[Knote: [m[K  no known conversion for argument 2 from ‘[01m[Kcv::Scalar[m[K’ {aka ‘[01m[Kcv::Scalar_<double>[m[K’} to ‘[01m[Kint[m[K’
  826 |     Mat(Size size, [01;36m[Kint type[m[K);
      |                    [01;36m[K~~~~^~~~[m[K
[01m[K/usr/include/opencv4/opencv2/core/mat.hpp:818:5:[m[K [01;36m[Knote: [m[Kcandidate: ‘[01m[Kcv::Mat::Mat(int, int, int)[m[K’
  818 |     [01;36m[KMat[m[K(int rows, int cols, int type);
      |     [01;36m[K^~~[m[K
[01m[K/usr/include/opencv4/opencv2/core/mat.hpp:818:5:[m[K [01;36m[Knote: [m[K  candidate expects 3 arguments, 2 provided
[01m[K/usr/include/opencv4/opencv2/core/mat.hpp:810:5:[m[K [01;36m[Knote: [m[Kcandidate: ‘[01m[Kcv::Mat::Mat()[m[K’
  810 |     [01;36m[KMat[m[K() CV_NOEXCEPT;
      |     [01;36m[K^~~[m[K
[01m[K/usr/include/opencv4/opencv2/core/mat.hpp:810:5:[m[K [01;36m[Knote: [m[K  candidate expects 0 arguments, 2 provided
[01m[K/home/ragglesoft/Desktop/ros_ws/src/lunabot/src/raw_image_publisher.cpp:28:30:[m[K [01;31m[Kerror: [m[Kno match for ‘[01m[Koperator=[m[K’ (operand types are ‘[01m[Ksensor_msgs::msg::Image_<std::allocator<void> >::_data_type[m[K’ {aka ‘[01m[Kstd::vector<unsigned char, std::allocator<unsigned char> >[m[K’} and ‘[01m[Kuchar*[m[K’ {aka ‘[01m[Kunsigned char*[m[K’})
   28 |       msg_->data = new_image.[01;31m[Kdata[m[K;
      |                              [01;31m[K^~~~[m[K
In file included from [01m[K/usr/include/c++/11/vector:72[m[K,
                 from [01m[K/usr/include/c++/11/functional:62[m[K,
                 from [01m[K/usr/include/c++/11/pstl/glue_algorithm_defs.h:13[m[K,
                 from [01m[K/usr/include/c++/11/algorithm:74[m[K,
                 from [01m[K/opt/ros/humble/include/rclcpp/rclcpp/executor.hpp:18[m[K,
                 from [01m[K/opt/ros/humble/include/rclcpp/rclcpp/executors/multi_threaded_executor.hpp:25[m[K,
                 from [01m[K/opt/ros/humble/include/rclcpp/rclcpp/executors.hpp:21[m[K,
                 from [01m[K/opt/ros/humble/include/rclcpp/rclcpp/rclcpp.hpp:155[m[K,
                 from [01m[K/home/ragglesoft/Desktop/ros_ws/src/lunabot/src/raw_image_publisher.cpp:1[m[K:
[01m[K/usr/include/c++/11/bits/vector.tcc:198:5:[m[K [01;36m[Knote: [m[Kcandidate: ‘[01m[Kstd::vector<_Tp, _Alloc>& std::vector<_Tp, _Alloc>::operator=(const std::vector<_Tp, _Alloc>&) [with _Tp = unsigned char; _Alloc = std::allocator<unsigned char>][m[K’
  198 |     [01;36m[Kvector<_Tp, _Alloc>[m[K::
      |     [01;36m[K^~~~~~~~~~~~~~~~~~~[m[K
[01m[K/usr/include/c++/11/bits/vector.tcc:199:42:[m[K [01;36m[Knote: [m[K  no known conversion for argument 1 from ‘[01m[Kuchar*[m[K’ {aka ‘[01m[Kunsigned char*[m[K’} to ‘[01m[Kconst std::vector<unsigned char, std::allocator<unsigned char> >&[m[K’
  199 |     operator=([01;36m[Kconst vector<_Tp, _Alloc>& __x[m[K)
      |               [01;36m[K~~~~~~~~~~~~~~~~~~~~~~~~~~~^~~[m[K
In file included from [01m[K/usr/include/c++/11/vector:67[m[K,
                 from [01m[K/usr/include/c++/11/functional:62[m[K,
                 from [01m[K/usr/include/c++/11/pstl/glue_algorithm_defs.h:13[m[K,
                 from [01m[K/usr/include/c++/11/algorithm:74[m[K,
                 from [01m[K/opt/ros/humble/include/rclcpp/rclcpp/executor.hpp:18[m[K,
                 from [01m[K/opt/ros/humble/include/rclcpp/rclcpp/executors/multi_threaded_executor.hpp:25[m[K,
                 from [01m[K/opt/ros/humble/include/rclcpp/rclcpp/executors.hpp:21[m[K,
                 from [01m[K/opt/ros/humble/include/rclcpp/rclcpp/rclcpp.hpp:155[m[K,
                 from [01m[K/home/ragglesoft/Desktop/ros_ws/src/lunabot/src/raw_image_publisher.cpp:1[m[K:
[01m[K/usr/include/c++/11/bits/stl_vector.h:709:7:[m[K [01;36m[Knote: [m[Kcandidate: ‘[01m[Kstd::vector<_Tp, _Alloc>& std::vector<_Tp, _Alloc>::operator=(std::vector<_Tp, _Alloc>&&) [with _Tp = unsigned char; _Alloc = std::allocator<unsigned char>][m[K’
  709 |       [01;36m[Koperator[m[K=(vector&& __x) noexcept(_Alloc_traits::_S_nothrow_move())
      |       [01;36m[K^~~~~~~~[m[K
[01m[K/usr/include/c++/11/bits/stl_vector.h:709:26:[m[K [01;36m[Knote: [m[K  no known conversion for argument 1 from ‘[01m[Kuchar*[m[K’ {aka ‘[01m[Kunsigned char*[m[K’} to ‘[01m[Kstd::vector<unsigned char, std::allocator<unsigned char> >&&[m[K’
  709 |       operator=([01;36m[Kvector&& __x[m[K) noexcept(_Alloc_traits::_S_nothrow_move())
      |                 [01;36m[K~~~~~~~~~^~~[m[K
[01m[K/usr/include/c++/11/bits/stl_vector.h:730:7:[m[K [01;36m[Knote: [m[Kcandidate: ‘[01m[Kstd::vector<_Tp, _Alloc>& std::vector<_Tp, _Alloc>::operator=(std::initializer_list<_Tp>) [with _Tp = unsigned char; _Alloc = std::allocator<unsigned char>][m[K’
  730 |       [01;36m[Koperator[m[K=(initializer_list<value_type> __l)
      |       [01;36m[K^~~~~~~~[m[K
[01m[K/usr/include/c++/11/bits/stl_vector.h:730:46:[m[K [01;36m[Knote: [m[K  no known conversion for argument 1 from ‘[01m[Kuchar*[m[K’ {aka ‘[01m[Kunsigned char*[m[K’} to ‘[01m[Kstd::initializer_list<unsigned char>[m[K’
  730 |       operator=([01;36m[Kinitializer_list<value_type> __l[m[K)
      |                 [01;36m[K~~~~~~~~~~~~~~~~~~~~~~~~~~~~~^~~[m[K
[01m[K/home/ragglesoft/Desktop/ros_ws/src/lunabot/src/raw_image_publisher.cpp:[m[K In function ‘[01m[Kint main(int, char**)[m[K’:
[01m[K/home/ragglesoft/Desktop/ros_ws/src/lunabot/src/raw_image_publisher.cpp:41:32:[m[K [01;31m[Kerror: [m[K‘[01m[KMinimalImagePublisher[m[K’ was not declared in this scope; did you mean ‘[01m[KRawImagePublisher[m[K’?
   41 |   auto node = std::make_shared<[01;31m[KMinimalImagePublisher[m[K>();
      |                                [01;31m[K^~~~~~~~~~~~~~~~~~~~~[m[K
      |                                [32m[KRawImagePublisher[m[K
[01m[K/home/ragglesoft/Desktop/ros_ws/src/lunabot/src/raw_image_publisher.cpp:41:54:[m[K [01;31m[Kerror: [m[Kno matching function for call to ‘[01m[Kmake_shared<<expression error> >()[m[K’
   41 |   auto node = [01;31m[Kstd::make_shared<MinimalImagePublisher>()[m[K;
      |               [01;31m[K~~~~~~~~~~~~~~~~~~~~~~~~~~~~~~~~~~~~~~~^~[m[K
In file included from [01m[K/usr/include/c++/11/memory:77[m[K,
                 from [01m[K/opt/ros/humble/include/rclcpp/rclcpp/rclcpp.hpp:153[m[K,
                 from [01m[K/home/ragglesoft/Desktop/ros_ws/src/lunabot/src/raw_image_publisher.cpp:1[m[K:
[01m[K/usr/include/c++/11/bits/shared_ptr.h:875:5:[m[K [01;36m[Knote: [m[Kcandidate: ‘[01m[Ktemplate<class _Tp, class ... _Args> std::shared_ptr<_Tp> std::make_shared(_Args&& ...)[m[K’
  875 |     [01;36m[Kmake_shared[m[K(_Args&&... __args)
      |     [01;36m[K^~~~~~~~~~~[m[K
[01m[K/usr/include/c++/11/bits/shared_ptr.h:875:5:[m[K [01;36m[Knote: [m[K  template argument deduction/substitution failed:
[01m[K/home/ragglesoft/Desktop/ros_ws/src/lunabot/src/raw_image_publisher.cpp:41:54:[m[K [01;31m[Kerror: [m[Ktemplate argument 1 is invalid
   41 |   auto node = [01;31m[Kstd::make_shared<MinimalImagePublisher>()[m[K;
      |               [01;31m[K~~~~~~~~~~~~~~~~~~~~~~~~~~~~~~~~~~~~~~~^~[m[K
gmake[2]: *** [CMakeFiles/raw_image_node.dir/build.make:76: CMakeFiles/raw_image_node.dir/src/raw_image_publisher.cpp.o] Error 1
gmake[1]: *** [CMakeFiles/Makefile2:592: CMakeFiles/raw_image_node.dir/all] Error 2
gmake: *** [Makefile:146: all] Error 2
