-- Found ament_cmake: 1.3.10 (/opt/ros/humble/share/ament_cmake/cmake)
-- Found cv_bridge: 3.2.1 (/opt/ros/humble/share/cv_bridge/cmake)
-- Found rosidl_generator_c: 3.1.5 (/opt/ros/humble/share/rosidl_generator_c/cmake)
-- Found rosidl_adapter: 3.1.5 (/opt/ros/humble/share/rosidl_adapter/cmake)
-- Found rosidl_generator_cpp: 3.1.5 (/opt/ros/humble/share/rosidl_generator_cpp/cmake)
-- Using all available rosidl_typesupport_c: rosidl_typesupport_fastrtps_c;rosidl_typesupport_introspection_c
-- Using all available rosidl_typesupport_cpp: rosidl_typesupport_fastrtps_cpp;rosidl_typesupport_introspection_cpp
-- Found image_transport: 3.1.9 (/opt/ros/humble/share/image_transport/cmake)
-- Found rmw_implementation_cmake: 6.1.2 (/opt/ros/humble/share/rmw_implementation_cmake/cmake)
-- Found rmw_fastrtps_cpp: 6.2.7 (/opt/ros/humble/share/rmw_fastrtps_cpp/cmake)
-- Using RMW implementation 'rmw_fastrtps_cpp' as default
-- Found rclpy: 3.3.14 (/opt/ros/humble/share/rclpy/cmake)
-- Found rosidl_default_generators: 1.2.0 (/opt/ros/humble/share/rosidl_default_generators/cmake)
-- Found ament_cmake_ros: 0.10.0 (/opt/ros/humble/share/ament_cmake_ros/cmake)
-- Using all available rosidl_typesupport_c: rosidl_typesupport_fastrtps_c;rosidl_typesupport_introspection_c
-- Using all available rosidl_typesupport_cpp: rosidl_typesupport_fastrtps_cpp;rosidl_typesupport_introspection_cpp
-- Found python_cmake_module: 0.10.0 (/opt/ros/humble/share/python_cmake_module/cmake)
-- Using PYTHON_EXECUTABLE: /usr/bin/python3
-- Using PYTHON_INCLUDE_DIRS: /usr/include/python3.10
-- Using PYTHON_LIBRARIES: /usr/lib/x86_64-linux-gnu/libpython3.10.so
-- Found ament_lint_auto: 0.12.11 (/opt/ros/humble/share/ament_lint_auto/cmake)
-- Added test 'cppcheck' to perform static code analysis on C / C++ code
-- Configured cppcheck include dirs: /home/ragglesoft/Desktop/ros_ws/src/lunabot/include
-- Configured cppcheck exclude dirs and/or files: 
-- Added test 'flake8' to check Python code syntax and style conventions
-- Added test 'lint_cmake' to check CMake code style
-- Added test 'pep257' to check Python code against some of the docstring style conventions in PEP 257
-- Added test 'uncrustify' to check C / C++ code style
-- Configured uncrustify additional arguments: 
-- Added test 'xmllint' to check XML markup files
-- Configuring done
-- Generating done
-- Build files have been written to: /home/ragglesoft/Desktop/ros_ws/build/lunabot
[  2%] [34m[1mGenerating C code for ROS interfaces[0m
[  7%] [32mBuilding CXX object CMakeFiles/raw_image_node.dir/src/raw_image_publisher.cpp.o[0m
[  7%] [34m[1mGenerating C++ code for ROS interfaces[0m
[  7%] Built target ament_cmake_python_copy_lunabot
running egg_info
creating lunabot.egg-info
writing lunabot.egg-info/PKG-INFO
writing dependency_links to lunabot.egg-info/dependency_links.txt
writing top-level names to lunabot.egg-info/top_level.txt
writing manifest file 'lunabot.egg-info/SOURCES.txt'
reading manifest file 'lunabot.egg-info/SOURCES.txt'
writing manifest file 'lunabot.egg-info/SOURCES.txt'
[  7%] Built target lunabot__cpp
[  7%] Built target ament_cmake_python_build_lunabot_egg
[ 14%] [34m[1mGenerating C++ type support for eProsima Fast-RTPS[0m
[ 12%] [34m[1mGenerating C++ type support dispatch for ROS interfaces[0m
[ 14%] [34m[1mGenerating C++ introspection for ROS interfaces[0m
[ 19%] [32mBuilding C object CMakeFiles/lunabot__rosidl_generator_c.dir/rosidl_generator_c/lunabot/msg/detail/inference_result__functions.c.o[0m
[ 19%] [32mBuilding C object CMakeFiles/lunabot__rosidl_generator_c.dir/rosidl_generator_c/lunabot/msg/detail/yolo_v8_inference__functions.c.o[0m
[ 21%] [32m[1mLinking C shared library liblunabot__rosidl_generator_c.so[0m
[ 21%] Built target lunabot__rosidl_generator_c
[ 24%] [34m[1mGenerating C introspection for ROS interfaces[0m
[ 26%] [34m[1mGenerating C type support dispatch for ROS interfaces[0m
[ 29%] [34m[1mGenerating C type support for eProsima Fast-RTPS[0m
[ 31%] [32mBuilding CXX object CMakeFiles/lunabot__rosidl_typesupport_cpp.dir/rosidl_typesupport_cpp/lunabot/msg/inference_result__type_support.cpp.o[0m
[ 34%] [32mBuilding CXX object CMakeFiles/lunabot__rosidl_typesupport_cpp.dir/rosidl_typesupport_cpp/lunabot/msg/yolo_v8_inference__type_support.cpp.o[0m
[ 36%] [32mBuilding CXX object CMakeFiles/lunabot__rosidl_typesupport_introspection_cpp.dir/rosidl_typesupport_introspection_cpp/lunabot/msg/detail/inference_result__type_support.cpp.o[0m
[ 39%] [32mBuilding CXX object CMakeFiles/lunabot__rosidl_typesupport_introspection_cpp.dir/rosidl_typesupport_introspection_cpp/lunabot/msg/detail/yolo_v8_inference__type_support.cpp.o[0m
[ 41%] [32mBuilding CXX object CMakeFiles/lunabot__rosidl_typesupport_fastrtps_cpp.dir/rosidl_typesupport_fastrtps_cpp/lunabot/msg/detail/dds_fastrtps/inference_result__type_support.cpp.o[0m
[ 43%] [32mBuilding CXX object CMakeFiles/lunabot__rosidl_typesupport_fastrtps_cpp.dir/rosidl_typesupport_fastrtps_cpp/lunabot/msg/detail/dds_fastrtps/yolo_v8_inference__type_support.cpp.o[0m
[ 48%] [32mBuilding CXX object CMakeFiles/lunabot__rosidl_typesupport_c.dir/rosidl_typesupport_c/lunabot/msg/yolo_v8_inference__type_support.cpp.o[0m
[ 48%] [32mBuilding CXX object CMakeFiles/lunabot__rosidl_typesupport_c.dir/rosidl_typesupport_c/lunabot/msg/inference_result__type_support.cpp.o[0m
[ 51%] [32m[1mLinking CXX shared library liblunabot__rosidl_typesupport_c.so[0m
[ 51%] Built target lunabot__rosidl_typesupport_c
[ 53%] [32mBuilding C object CMakeFiles/lunabot__rosidl_typesupport_introspection_c.dir/rosidl_typesupport_introspection_c/lunabot/msg/detail/inference_result__type_support.c.o[0m
[ 56%] [32mBuilding C object CMakeFiles/lunabot__rosidl_typesupport_introspection_c.dir/rosidl_typesupport_introspection_c/lunabot/msg/detail/yolo_v8_inference__type_support.c.o[0m
[ 58%] [32m[1mLinking C shared library liblunabot__rosidl_typesupport_introspection_c.so[0m
[ 58%] Built target lunabot__rosidl_typesupport_introspection_c
[ 63%] [32mBuilding CXX object CMakeFiles/lunabot__rosidl_typesupport_fastrtps_c.dir/rosidl_typesupport_fastrtps_c/lunabot/msg/detail/inference_result__type_support_c.cpp.o[0m
[ 63%] [32mBuilding CXX object CMakeFiles/lunabot__rosidl_typesupport_fastrtps_c.dir/rosidl_typesupport_fastrtps_c/lunabot/msg/detail/yolo_v8_inference__type_support_c.cpp.o[0m
[ 65%] [32m[1mLinking CXX shared library liblunabot__rosidl_typesupport_cpp.so[0m
[ 65%] Built target lunabot__rosidl_typesupport_cpp
[ 68%] [32m[1mLinking CXX shared library liblunabot__rosidl_typesupport_fastrtps_cpp.so[0m
[ 70%] [32m[1mLinking CXX shared library liblunabot__rosidl_typesupport_introspection_cpp.so[0m
[ 73%] [32m[1mLinking CXX shared library liblunabot__rosidl_typesupport_fastrtps_c.so[0m
[ 73%] Built target lunabot__rosidl_typesupport_fastrtps_cpp
[ 73%] Built target lunabot__rosidl_typesupport_introspection_cpp
[ 73%] Built target lunabot__rosidl_typesupport_fastrtps_c
[ 73%] Built target lunabot
[ 75%] [34m[1mGenerating Python code for ROS interfaces[0m
[ 75%] Built target lunabot__py
[ 80%] [32mBuilding C object CMakeFiles/lunabot__rosidl_generator_py.dir/rosidl_generator_py/lunabot/msg/_yolo_v8_inference_s.c.o[0m
[ 80%] [32mBuilding C object CMakeFiles/lunabot__rosidl_generator_py.dir/rosidl_generator_py/lunabot/msg/_inference_result_s.c.o[0m
[ 82%] [32m[1mLinking C shared library rosidl_generator_py/lunabot/liblunabot__rosidl_generator_py.so[0m
[ 82%] Built target lunabot__rosidl_generator_py
[ 90%] [32mBuilding C object CMakeFiles/lunabot__rosidl_typesupport_c__pyext.dir/rosidl_generator_py/lunabot/_lunabot_s.ep.rosidl_typesupport_c.c.o[0m
[ 90%] [32mBuilding C object CMakeFiles/lunabot__rosidl_typesupport_fastrtps_c__pyext.dir/rosidl_generator_py/lunabot/_lunabot_s.ep.rosidl_typesupport_fastrtps_c.c.o[0m
[ 90%] [32mBuilding C object CMakeFiles/lunabot__rosidl_typesupport_introspection_c__pyext.dir/rosidl_generator_py/lunabot/_lunabot_s.ep.rosidl_typesupport_introspection_c.c.o[0m
[ 97%] [32m[1mLinking C shared library rosidl_generator_py/lunabot/lunabot_s__rosidl_typesupport_c.cpython-310-x86_64-linux-gnu.so[0m
[ 97%] [32m[1mLinking C shared library rosidl_generator_py/lunabot/lunabot_s__rosidl_typesupport_fastrtps_c.cpython-310-x86_64-linux-gnu.so[0m
[ 97%] [32m[1mLinking C shared library rosidl_generator_py/lunabot/lunabot_s__rosidl_typesupport_introspection_c.cpython-310-x86_64-linux-gnu.so[0m
[ 97%] Built target lunabot__rosidl_typesupport_introspection_c__pyext
[ 97%] Built target lunabot__rosidl_typesupport_fastrtps_c__pyext
[ 97%] Built target lunabot__rosidl_typesupport_c__pyext
