[35m[1mConsolidate compiler generated dependencies of target lunabot__rosidl_generator_c[0m
[35m[1mConsolidate compiler generated dependencies of target raw_image_node[0m
[  2%] Built target lunabot__cpp
[ 12%] Built target lunabot__rosidl_generator_c
[35m[1mConsolidate compiler generated dependencies of target lunabot__rosidl_typesupport_cpp[0m
[35m[1mConsolidate compiler generated dependencies of target lunabot__rosidl_typesupport_fastrtps_c[0m
[35m[1mConsolidate compiler generated dependencies of target lunabot__rosidl_typesupport_introspection_cpp[0m
[35m[1mConsolidate compiler generated dependencies of target lunabot__rosidl_typesupport_fastrtps_cpp[0m
[ 14%] [32mBuilding CXX object CMakeFiles/raw_image_node.dir/src/raw_image_publisher.cpp.o[0m
[ 14%] Built target ament_cmake_python_copy_lunabot
[35m[1mConsolidate compiler generated dependencies of target lunabot__rosidl_typesupport_c[0m
[35m[1mConsolidate compiler generated dependencies of target lunabot__rosidl_typesupport_introspection_c[0m
[ 34%] Built target lunabot__rosidl_typesupport_cpp
[ 34%] Built target lunabot__rosidl_typesupport_fastrtps_cpp
[ 43%] Built target lunabot__rosidl_typesupport_introspection_cpp
[ 53%] Built target lunabot__rosidl_typesupport_introspection_c
[ 63%] Built target lunabot__rosidl_typesupport_fastrtps_c
[ 73%] Built target lunabot__rosidl_typesupport_c
[ 73%] Built target lunabot
[ 75%] Built target lunabot__py
[35m[1mConsolidate compiler generated dependencies of target lunabot__rosidl_generator_py[0m
[ 82%] Built target lunabot__rosidl_generator_py
[35m[1mConsolidate compiler generated dependencies of target lunabot__rosidl_typesupport_c__pyext[0m
[35m[1mConsolidate compiler generated dependencies of target lunabot__rosidl_typesupport_introspection_c__pyext[0m
[35m[1mConsolidate compiler generated dependencies of target lunabot__rosidl_typesupport_fastrtps_c__pyext[0m
[ 97%] Built target lunabot__rosidl_typesupport_fastrtps_c__pyext
[ 97%] Built target lunabot__rosidl_typesupport_c__pyext
[ 97%] Built target lunabot__rosidl_typesupport_introspection_c__pyext
running egg_info
writing lunabot.egg-info/PKG-INFO
writing dependency_links to lunabot.egg-info/dependency_links.txt
writing top-level names to lunabot.egg-info/top_level.txt
reading manifest file 'lunabot.egg-info/SOURCES.txt'
writing manifest file 'lunabot.egg-info/SOURCES.txt'
[ 97%] Built target ament_cmake_python_build_lunabot_egg
[100%] [32m[1mLinking CXX executable raw_image_node[0m
[100%] Built target raw_image_node
-- Install configuration: ""
-- Installing: /home/ragglesoft/Desktop/ros_ws/install/lunabot/share/ament_index/resource_index/rosidl_interfaces/lunabot
-- Installing: /home/ragglesoft/Desktop/ros_ws/install/lunabot/include/lunabot/lunabot
-- Installing: /home/ragglesoft/Desktop/ros_ws/install/lunabot/include/lunabot/lunabot/msg
-- Installing: /home/ragglesoft/Desktop/ros_ws/install/lunabot/include/lunabot/lunabot/msg/inference_result.h
-- Installing: /home/ragglesoft/Desktop/ros_ws/install/lunabot/include/lunabot/lunabot/msg/detail
-- Installing: /home/ragglesoft/Desktop/ros_ws/install/lunabot/include/lunabot/lunabot/msg/detail/yolo_v8_inference__functions.c
-- Installing: /home/ragglesoft/Desktop/ros_ws/install/lunabot/include/lunabot/lunabot/msg/detail/yolo_v8_inference__functions.h
-- Installing: /home/ragglesoft/Desktop/ros_ws/install/lunabot/include/lunabot/lunabot/msg/detail/inference_result__functions.c
-- Installing: /home/ragglesoft/Desktop/ros_ws/install/lunabot/include/lunabot/lunabot/msg/detail/inference_result__functions.h
-- Installing: /home/ragglesoft/Desktop/ros_ws/install/lunabot/include/lunabot/lunabot/msg/detail/yolo_v8_inference__type_support.h
-- Installing: /home/ragglesoft/Desktop/ros_ws/install/lunabot/include/lunabot/lunabot/msg/detail/inference_result__type_support.h
-- Installing: /home/ragglesoft/Desktop/ros_ws/install/lunabot/include/lunabot/lunabot/msg/detail/inference_result__struct.h
-- Installing: /home/ragglesoft/Desktop/ros_ws/install/lunabot/include/lunabot/lunabot/msg/detail/yolo_v8_inference__struct.h
-- Installing: /home/ragglesoft/Desktop/ros_ws/install/lunabot/include/lunabot/lunabot/msg/rosidl_generator_c__visibility_control.h
-- Installing: /home/ragglesoft/Desktop/ros_ws/install/lunabot/include/lunabot/lunabot/msg/yolo_v8_inference.h
-- Installing: /home/ragglesoft/Desktop/ros_ws/install/lunabot/share/lunabot/environment/library_path.sh
-- Installing: /home/ragglesoft/Desktop/ros_ws/install/lunabot/share/lunabot/environment/library_path.dsv
-- Installing: /home/ragglesoft/Desktop/ros_ws/install/lunabot/lib/liblunabot__rosidl_generator_c.so
-- Set runtime path of "/home/ragglesoft/Desktop/ros_ws/install/lunabot/lib/liblunabot__rosidl_generator_c.so" to ""
-- Up-to-date: /home/ragglesoft/Desktop/ros_ws/install/lunabot/include/lunabot/lunabot
-- Up-to-date: /home/ragglesoft/Desktop/ros_ws/install/lunabot/include/lunabot/lunabot/msg
-- Installing: /home/ragglesoft/Desktop/ros_ws/install/lunabot/include/lunabot/lunabot/msg/rosidl_typesupport_fastrtps_c__visibility_control.h
-- Up-to-date: /home/ragglesoft/Desktop/ros_ws/install/lunabot/include/lunabot/lunabot/msg/detail
-- Installing: /home/ragglesoft/Desktop/ros_ws/install/lunabot/include/lunabot/lunabot/msg/detail/yolo_v8_inference__rosidl_typesupport_fastrtps_c.h
-- Installing: /home/ragglesoft/Desktop/ros_ws/install/lunabot/include/lunabot/lunabot/msg/detail/inference_result__rosidl_typesupport_fastrtps_c.h
-- Installing: /home/ragglesoft/Desktop/ros_ws/install/lunabot/lib/liblunabot__rosidl_typesupport_fastrtps_c.so
-- Set runtime path of "/home/ragglesoft/Desktop/ros_ws/install/lunabot/lib/liblunabot__rosidl_typesupport_fastrtps_c.so" to ""
-- Up-to-date: /home/ragglesoft/Desktop/ros_ws/install/lunabot/include/lunabot/lunabot
-- Up-to-date: /home/ragglesoft/Desktop/ros_ws/install/lunabot/include/lunabot/lunabot/msg
-- Installing: /home/ragglesoft/Desktop/ros_ws/install/lunabot/include/lunabot/lunabot/msg/inference_result.hpp
-- Installing: /home/ragglesoft/Desktop/ros_ws/install/lunabot/include/lunabot/lunabot/msg/yolo_v8_inference.hpp
-- Up-to-date: /home/ragglesoft/Desktop/ros_ws/install/lunabot/include/lunabot/lunabot/msg/detail
-- Installing: /home/ragglesoft/Desktop/ros_ws/install/lunabot/include/lunabot/lunabot/msg/detail/yolo_v8_inference__builder.hpp
-- Installing: /home/ragglesoft/Desktop/ros_ws/install/lunabot/include/lunabot/lunabot/msg/detail/inference_result__builder.hpp
-- Installing: /home/ragglesoft/Desktop/ros_ws/install/lunabot/include/lunabot/lunabot/msg/detail/inference_result__traits.hpp
-- Installing: /home/ragglesoft/Desktop/ros_ws/install/lunabot/include/lunabot/lunabot/msg/detail/inference_result__struct.hpp
-- Installing: /home/ragglesoft/Desktop/ros_ws/install/lunabot/include/lunabot/lunabot/msg/detail/yolo_v8_inference__traits.hpp
-- Installing: /home/ragglesoft/Desktop/ros_ws/install/lunabot/include/lunabot/lunabot/msg/detail/yolo_v8_inference__struct.hpp
-- Up-to-date: /home/ragglesoft/Desktop/ros_ws/install/lunabot/include/lunabot/lunabot
-- Up-to-date: /home/ragglesoft/Desktop/ros_ws/install/lunabot/include/lunabot/lunabot/msg
-- Installing: /home/ragglesoft/Desktop/ros_ws/install/lunabot/include/lunabot/lunabot/msg/rosidl_typesupport_fastrtps_cpp__visibility_control.h
-- Up-to-date: /home/ragglesoft/Desktop/ros_ws/install/lunabot/include/lunabot/lunabot/msg/detail
-- Installing: /home/ragglesoft/Desktop/ros_ws/install/lunabot/include/lunabot/lunabot/msg/detail/dds_fastrtps
-- Installing: /home/ragglesoft/Desktop/ros_ws/install/lunabot/include/lunabot/lunabot/msg/detail/yolo_v8_inference__rosidl_typesupport_fastrtps_cpp.hpp
-- Installing: /home/ragglesoft/Desktop/ros_ws/install/lunabot/include/lunabot/lunabot/msg/detail/inference_result__rosidl_typesupport_fastrtps_cpp.hpp
-- Installing: /home/ragglesoft/Desktop/ros_ws/install/lunabot/lib/liblunabot__rosidl_typesupport_fastrtps_cpp.so
-- Set runtime path of "/home/ragglesoft/Desktop/ros_ws/install/lunabot/lib/liblunabot__rosidl_typesupport_fastrtps_cpp.so" to ""
-- Up-to-date: /home/ragglesoft/Desktop/ros_ws/install/lunabot/include/lunabot/lunabot
-- Up-to-date: /home/ragglesoft/Desktop/ros_ws/install/lunabot/include/lunabot/lunabot/msg
-- Installing: /home/ragglesoft/Desktop/ros_ws/install/lunabot/include/lunabot/lunabot/msg/rosidl_typesupport_introspection_c__visibility_control.h
-- Up-to-date: /home/ragglesoft/Desktop/ros_ws/install/lunabot/include/lunabot/lunabot/msg/detail
-- Installing: /home/ragglesoft/Desktop/ros_ws/install/lunabot/include/lunabot/lunabot/msg/detail/inference_result__type_support.c
-- Installing: /home/ragglesoft/Desktop/ros_ws/install/lunabot/include/lunabot/lunabot/msg/detail/yolo_v8_inference__type_support.c
-- Installing: /home/ragglesoft/Desktop/ros_ws/install/lunabot/include/lunabot/lunabot/msg/detail/yolo_v8_inference__rosidl_typesupport_introspection_c.h
-- Installing: /home/ragglesoft/Desktop/ros_ws/install/lunabot/include/lunabot/lunabot/msg/detail/inference_result__rosidl_typesupport_introspection_c.h
-- Installing: /home/ragglesoft/Desktop/ros_ws/install/lunabot/lib/liblunabot__rosidl_typesupport_introspection_c.so
-- Set runtime path of "/home/ragglesoft/Desktop/ros_ws/install/lunabot/lib/liblunabot__rosidl_typesupport_introspection_c.so" to ""
-- Installing: /home/ragglesoft/Desktop/ros_ws/install/lunabot/lib/liblunabot__rosidl_typesupport_c.so
-- Set runtime path of "/home/ragglesoft/Desktop/ros_ws/install/lunabot/lib/liblunabot__rosidl_typesupport_c.so" to ""
-- Up-to-date: /home/ragglesoft/Desktop/ros_ws/install/lunabot/include/lunabot/lunabot
-- Up-to-date: /home/ragglesoft/Desktop/ros_ws/install/lunabot/include/lunabot/lunabot/msg
-- Up-to-date: /home/ragglesoft/Desktop/ros_ws/install/lunabot/include/lunabot/lunabot/msg/detail
-- Installing: /home/ragglesoft/Desktop/ros_ws/install/lunabot/include/lunabot/lunabot/msg/detail/yolo_v8_inference__type_support.cpp
-- Installing: /home/ragglesoft/Desktop/ros_ws/install/lunabot/include/lunabot/lunabot/msg/detail/inference_result__rosidl_typesupport_introspection_cpp.hpp
-- Installing: /home/ragglesoft/Desktop/ros_ws/install/lunabot/include/lunabot/lunabot/msg/detail/yolo_v8_inference__rosidl_typesupport_introspection_cpp.hpp
-- Installing: /home/ragglesoft/Desktop/ros_ws/install/lunabot/include/lunabot/lunabot/msg/detail/inference_result__type_support.cpp
-- Installing: /home/ragglesoft/Desktop/ros_ws/install/lunabot/lib/liblunabot__rosidl_typesupport_introspection_cpp.so
-- Set runtime path of "/home/ragglesoft/Desktop/ros_ws/install/lunabot/lib/liblunabot__rosidl_typesupport_introspection_cpp.so" to ""
-- Installing: /home/ragglesoft/Desktop/ros_ws/install/lunabot/lib/liblunabot__rosidl_typesupport_cpp.so
-- Set runtime path of "/home/ragglesoft/Desktop/ros_ws/install/lunabot/lib/liblunabot__rosidl_typesupport_cpp.so" to ""
-- Installing: /home/ragglesoft/Desktop/ros_ws/install/lunabot/share/lunabot/environment/pythonpath.sh
-- Installing: /home/ragglesoft/Desktop/ros_ws/install/lunabot/share/lunabot/environment/pythonpath.dsv
-- Installing: /home/ragglesoft/Desktop/ros_ws/install/lunabot/local/lib/python3.10/dist-packages/lunabot-0.0.0-py3.10.egg-info
-- Installing: /home/ragglesoft/Desktop/ros_ws/install/lunabot/local/lib/python3.10/dist-packages/lunabot-0.0.0-py3.10.egg-info/dependency_links.txt
-- Installing: /home/ragglesoft/Desktop/ros_ws/install/lunabot/local/lib/python3.10/dist-packages/lunabot-0.0.0-py3.10.egg-info/top_level.txt
-- Installing: /home/ragglesoft/Desktop/ros_ws/install/lunabot/local/lib/python3.10/dist-packages/lunabot-0.0.0-py3.10.egg-info/SOURCES.txt
-- Installing: /home/ragglesoft/Desktop/ros_ws/install/lunabot/local/lib/python3.10/dist-packages/lunabot-0.0.0-py3.10.egg-info/PKG-INFO
-- Installing: /home/ragglesoft/Desktop/ros_ws/install/lunabot/local/lib/python3.10/dist-packages/lunabot
-- Installing: /home/ragglesoft/Desktop/ros_ws/install/lunabot/local/lib/python3.10/dist-packages/lunabot/_lunabot_s.ep.rosidl_typesupport_c.c
-- Installing: /home/ragglesoft/Desktop/ros_ws/install/lunabot/local/lib/python3.10/dist-packages/lunabot/lunabot_s__rosidl_typesupport_c.cpython-310-x86_64-linux-gnu.so
-- Installing: /home/ragglesoft/Desktop/ros_ws/install/lunabot/local/lib/python3.10/dist-packages/lunabot/_lunabot_s.ep.rosidl_typesupport_introspection_c.c
-- Installing: /home/ragglesoft/Desktop/ros_ws/install/lunabot/local/lib/python3.10/dist-packages/lunabot/_lunabot_s.ep.rosidl_typesupport_fastrtps_c.c
-- Installing: /home/ragglesoft/Desktop/ros_ws/install/lunabot/local/lib/python3.10/dist-packages/lunabot/lunabot_s__rosidl_typesupport_fastrtps_c.cpython-310-x86_64-linux-gnu.so
-- Installing: /home/ragglesoft/Desktop/ros_ws/install/lunabot/local/lib/python3.10/dist-packages/lunabot/msg
-- Installing: /home/ragglesoft/Desktop/ros_ws/install/lunabot/local/lib/python3.10/dist-packages/lunabot/msg/_yolo_v8_inference.py
-- Installing: /home/ragglesoft/Desktop/ros_ws/install/lunabot/local/lib/python3.10/dist-packages/lunabot/msg/__init__.py
-- Installing: /home/ragglesoft/Desktop/ros_ws/install/lunabot/local/lib/python3.10/dist-packages/lunabot/msg/_yolo_v8_inference_s.c
-- Installing: /home/ragglesoft/Desktop/ros_ws/install/lunabot/local/lib/python3.10/dist-packages/lunabot/msg/_inference_result.py
-- Installing: /home/ragglesoft/Desktop/ros_ws/install/lunabot/local/lib/python3.10/dist-packages/lunabot/msg/_inference_result_s.c
-- Installing: /home/ragglesoft/Desktop/ros_ws/install/lunabot/local/lib/python3.10/dist-packages/lunabot/__init__.py
-- Installing: /home/ragglesoft/Desktop/ros_ws/install/lunabot/local/lib/python3.10/dist-packages/lunabot/lunabot_s__rosidl_typesupport_introspection_c.cpython-310-x86_64-linux-gnu.so
-- Installing: /home/ragglesoft/Desktop/ros_ws/install/lunabot/local/lib/python3.10/dist-packages/lunabot/liblunabot__rosidl_generator_py.so
Listing '/home/ragglesoft/Desktop/ros_ws/install/lunabot/local/lib/python3.10/dist-packages/lunabot'...
Compiling '/home/ragglesoft/Desktop/ros_ws/install/lunabot/local/lib/python3.10/dist-packages/lunabot/__init__.py'...
Listing '/home/ragglesoft/Desktop/ros_ws/install/lunabot/local/lib/python3.10/dist-packages/lunabot/msg'...
Compiling '/home/ragglesoft/Desktop/ros_ws/install/lunabot/local/lib/python3.10/dist-packages/lunabot/msg/__init__.py'...
Compiling '/home/ragglesoft/Desktop/ros_ws/install/lunabot/local/lib/python3.10/dist-packages/lunabot/msg/_inference_result.py'...
Compiling '/home/ragglesoft/Desktop/ros_ws/install/lunabot/local/lib/python3.10/dist-packages/lunabot/msg/_yolo_v8_inference.py'...
-- Installing: /home/ragglesoft/Desktop/ros_ws/install/lunabot/local/lib/python3.10/dist-packages/lunabot/lunabot_s__rosidl_typesupport_fastrtps_c.cpython-310-x86_64-linux-gnu.so
-- Set runtime path of "/home/ragglesoft/Desktop/ros_ws/install/lunabot/local/lib/python3.10/dist-packages/lunabot/lunabot_s__rosidl_typesupport_fastrtps_c.cpython-310-x86_64-linux-gnu.so" to ""
-- Installing: /home/ragglesoft/Desktop/ros_ws/install/lunabot/local/lib/python3.10/dist-packages/lunabot/lunabot_s__rosidl_typesupport_introspection_c.cpython-310-x86_64-linux-gnu.so
-- Set runtime path of "/home/ragglesoft/Desktop/ros_ws/install/lunabot/local/lib/python3.10/dist-packages/lunabot/lunabot_s__rosidl_typesupport_introspection_c.cpython-310-x86_64-linux-gnu.so" to ""
-- Installing: /home/ragglesoft/Desktop/ros_ws/install/lunabot/local/lib/python3.10/dist-packages/lunabot/lunabot_s__rosidl_typesupport_c.cpython-310-x86_64-linux-gnu.so
-- Set runtime path of "/home/ragglesoft/Desktop/ros_ws/install/lunabot/local/lib/python3.10/dist-packages/lunabot/lunabot_s__rosidl_typesupport_c.cpython-310-x86_64-linux-gnu.so" to ""
-- Installing: /home/ragglesoft/Desktop/ros_ws/install/lunabot/lib/liblunabot__rosidl_generator_py.so
-- Set runtime path of "/home/ragglesoft/Desktop/ros_ws/install/lunabot/lib/liblunabot__rosidl_generator_py.so" to ""
-- Installing: /home/ragglesoft/Desktop/ros_ws/install/lunabot/share/lunabot/msg/InferenceResult.idl
-- Installing: /home/ragglesoft/Desktop/ros_ws/install/lunabot/share/lunabot/msg/YoloV8Inference.idl
-- Installing: /home/ragglesoft/Desktop/ros_ws/install/lunabot/share/lunabot/msg/InferenceResult.msg
-- Installing: /home/ragglesoft/Desktop/ros_ws/install/lunabot/share/lunabot/msg/YoloV8Inference.msg
-- Installing: /home/ragglesoft/Desktop/ros_ws/install/lunabot/lib/lunabot/raw_image_node
-- Set runtime path of "/home/ragglesoft/Desktop/ros_ws/install/lunabot/lib/lunabot/raw_image_node" to ""
-- Installing: /home/ragglesoft/Desktop/ros_ws/install/lunabot/share/ament_index/resource_index/package_run_dependencies/lunabot
-- Installing: /home/ragglesoft/Desktop/ros_ws/install/lunabot/share/ament_index/resource_index/parent_prefix_path/lunabot
-- Up-to-date: /home/ragglesoft/Desktop/ros_ws/install/lunabot/share/lunabot/environment/ament_prefix_path.sh
-- Installing: /home/ragglesoft/Desktop/ros_ws/install/lunabot/share/lunabot/environment/ament_prefix_path.dsv
-- Up-to-date: /home/ragglesoft/Desktop/ros_ws/install/lunabot/share/lunabot/environment/path.sh
-- Installing: /home/ragglesoft/Desktop/ros_ws/install/lunabot/share/lunabot/environment/path.dsv
-- Up-to-date: /home/ragglesoft/Desktop/ros_ws/install/lunabot/share/lunabot/local_setup.bash
-- Installing: /home/ragglesoft/Desktop/ros_ws/install/lunabot/share/lunabot/local_setup.sh
-- Up-to-date: /home/ragglesoft/Desktop/ros_ws/install/lunabot/share/lunabot/local_setup.zsh
-- Installing: /home/ragglesoft/Desktop/ros_ws/install/lunabot/share/lunabot/local_setup.dsv
-- Installing: /home/ragglesoft/Desktop/ros_ws/install/lunabot/share/lunabot/package.dsv
-- Up-to-date: /home/ragglesoft/Desktop/ros_ws/install/lunabot/share/ament_index/resource_index/packages/lunabot
-- Installing: /home/ragglesoft/Desktop/ros_ws/install/lunabot/share/lunabot/cmake/export_lunabot__rosidl_generator_cExport.cmake
-- Installing: /home/ragglesoft/Desktop/ros_ws/install/lunabot/share/lunabot/cmake/export_lunabot__rosidl_generator_cExport-noconfig.cmake
-- Installing: /home/ragglesoft/Desktop/ros_ws/install/lunabot/share/lunabot/cmake/export_lunabot__rosidl_typesupport_fastrtps_cExport.cmake
-- Installing: /home/ragglesoft/Desktop/ros_ws/install/lunabot/share/lunabot/cmake/export_lunabot__rosidl_typesupport_fastrtps_cExport-noconfig.cmake
-- Installing: /home/ragglesoft/Desktop/ros_ws/install/lunabot/share/lunabot/cmake/export_lunabot__rosidl_generator_cppExport.cmake
-- Installing: /home/ragglesoft/Desktop/ros_ws/install/lunabot/share/lunabot/cmake/export_lunabot__rosidl_typesupport_fastrtps_cppExport.cmake
-- Installing: /home/ragglesoft/Desktop/ros_ws/install/lunabot/share/lunabot/cmake/export_lunabot__rosidl_typesupport_fastrtps_cppExport-noconfig.cmake
-- Installing: /home/ragglesoft/Desktop/ros_ws/install/lunabot/share/lunabot/cmake/lunabot__rosidl_typesupport_introspection_cExport.cmake
-- Installing: /home/ragglesoft/Desktop/ros_ws/install/lunabot/share/lunabot/cmake/lunabot__rosidl_typesupport_introspection_cExport-noconfig.cmake
-- Installing: /home/ragglesoft/Desktop/ros_ws/install/lunabot/share/lunabot/cmake/lunabot__rosidl_typesupport_cExport.cmake
-- Installing: /home/ragglesoft/Desktop/ros_ws/install/lunabot/share/lunabot/cmake/lunabot__rosidl_typesupport_cExport-noconfig.cmake
-- Installing: /home/ragglesoft/Desktop/ros_ws/install/lunabot/share/lunabot/cmake/lunabot__rosidl_typesupport_introspection_cppExport.cmake
-- Installing: /home/ragglesoft/Desktop/ros_ws/install/lunabot/share/lunabot/cmake/lunabot__rosidl_typesupport_introspection_cppExport-noconfig.cmake
-- Installing: /home/ragglesoft/Desktop/ros_ws/install/lunabot/share/lunabot/cmake/lunabot__rosidl_typesupport_cppExport.cmake
-- Installing: /home/ragglesoft/Desktop/ros_ws/install/lunabot/share/lunabot/cmake/lunabot__rosidl_typesupport_cppExport-noconfig.cmake
-- Installing: /home/ragglesoft/Desktop/ros_ws/install/lunabot/share/lunabot/cmake/export_lunabot__rosidl_generator_pyExport.cmake
-- Installing: /home/ragglesoft/Desktop/ros_ws/install/lunabot/share/lunabot/cmake/export_lunabot__rosidl_generator_pyExport-noconfig.cmake
-- Installing: /home/ragglesoft/Desktop/ros_ws/install/lunabot/share/lunabot/cmake/rosidl_cmake-extras.cmake
-- Installing: /home/ragglesoft/Desktop/ros_ws/install/lunabot/share/lunabot/cmake/ament_cmake_export_dependencies-extras.cmake
-- Installing: /home/ragglesoft/Desktop/ros_ws/install/lunabot/share/lunabot/cmake/ament_cmake_export_include_directories-extras.cmake
-- Installing: /home/ragglesoft/Desktop/ros_ws/install/lunabot/share/lunabot/cmake/ament_cmake_export_libraries-extras.cmake
-- Installing: /home/ragglesoft/Desktop/ros_ws/install/lunabot/share/lunabot/cmake/ament_cmake_export_targets-extras.cmake
-- Installing: /home/ragglesoft/Desktop/ros_ws/install/lunabot/share/lunabot/cmake/rosidl_cmake_export_typesupport_targets-extras.cmake
-- Installing: /home/ragglesoft/Desktop/ros_ws/install/lunabot/share/lunabot/cmake/rosidl_cmake_export_typesupport_libraries-extras.cmake
-- Installing: /home/ragglesoft/Desktop/ros_ws/install/lunabot/share/lunabot/cmake/lunabotConfig.cmake
-- Up-to-date: /home/ragglesoft/Desktop/ros_ws/install/lunabot/share/lunabot/cmake/lunabotConfig-version.cmake
-- Installing: /home/ragglesoft/Desktop/ros_ws/install/lunabot/share/lunabot/package.xml
