[0.008s] Invoking command in '/home/ragglesoft/Desktop/ros_ws/build/lunabot': CMAKE_PREFIX_PATH=${CMAKE_PREFIX_PATH}:/opt/ros/humble /usr/bin/cmake --build /home/ragglesoft/Desktop/ros_ws/build/lunabot -- -j12 -l12
[0.036s] [35m[1mConsolidate compiler generated dependencies of target raw_image_node[0m
[0.041s] [  2%] Built target lunabot__cpp
[0.041s] [ 12%] Built target lunabot__rosidl_generator_c
[0.051s] [ 17%] Built target raw_image_node
[0.052s] [ 17%] Built target ament_cmake_python_copy_lunabot
[0.062s] [ 29%] Built target lunabot__rosidl_typesupport_introspection_c
[0.062s] [ 36%] Built target lunabot__rosidl_typesupport_fastrtps_cpp
[0.062s] [ 46%] Built target lunabot__rosidl_typesupport_introspection_cpp
[0.065s] [ 56%] Built target lunabot__rosidl_typesupport_c
[0.065s] [ 65%] Built target lunabot__rosidl_typesupport_fastrtps_c
[0.067s] [ 75%] Built target lunabot__rosidl_typesupport_cpp
[0.082s] [ 75%] Built target lunabot
[0.096s] [ 78%] Built target lunabot__py
[0.111s] [ 85%] Built target lunabot__rosidl_generator_py
[0.127s] [100%] Built target lunabot__rosidl_typesupport_fastrtps_c__pyext
[0.127s] [100%] Built target lunabot__rosidl_typesupport_introspection_c__pyext
[0.127s] [100%] Built target lunabot__rosidl_typesupport_c__pyext
[0.250s] running egg_info
[0.250s] writing lunabot.egg-info/PKG-INFO
[0.251s] writing dependency_links to lunabot.egg-info/dependency_links.txt
[0.251s] writing top-level names to lunabot.egg-info/top_level.txt
[0.252s] reading manifest file 'lunabot.egg-info/SOURCES.txt'
[0.253s] writing manifest file 'lunabot.egg-info/SOURCES.txt'
[0.269s] [100%] Built target ament_cmake_python_build_lunabot_egg
[0.276s] Invoked command in '/home/ragglesoft/Desktop/ros_ws/build/lunabot' returned '0': CMAKE_PREFIX_PATH=${CMAKE_PREFIX_PATH}:/opt/ros/humble /usr/bin/cmake --build /home/ragglesoft/Desktop/ros_ws/build/lunabot -- -j12 -l12
[0.329s] Invoking command in '/home/ragglesoft/Desktop/ros_ws/build/lunabot': CMAKE_PREFIX_PATH=${CMAKE_PREFIX_PATH}:/opt/ros/humble /usr/bin/cmake --install /home/ragglesoft/Desktop/ros_ws/build/lunabot
[0.334s] -- Install configuration: ""
[0.334s] -- Up-to-date: /home/ragglesoft/Desktop/ros_ws/install/lunabot/share/ament_index/resource_index/rosidl_interfaces/lunabot
[0.334s] -- Up-to-date: /home/ragglesoft/Desktop/ros_ws/install/lunabot/include/lunabot/lunabot
[0.334s] -- Up-to-date: /home/ragglesoft/Desktop/ros_ws/install/lunabot/include/lunabot/lunabot/msg
[0.334s] -- Up-to-date: /home/ragglesoft/Desktop/ros_ws/install/lunabot/include/lunabot/lunabot/msg/inference_result.h
[0.334s] -- Up-to-date: /home/ragglesoft/Desktop/ros_ws/install/lunabot/include/lunabot/lunabot/msg/detail
[0.334s] -- Up-to-date: /home/ragglesoft/Desktop/ros_ws/install/lunabot/include/lunabot/lunabot/msg/detail/yolo_v8_inference__functions.c
[0.335s] -- Up-to-date: /home/ragglesoft/Desktop/ros_ws/install/lunabot/include/lunabot/lunabot/msg/detail/yolo_v8_inference__functions.h
[0.335s] -- Up-to-date: /home/ragglesoft/Desktop/ros_ws/install/lunabot/include/lunabot/lunabot/msg/detail/inference_result__functions.c
[0.335s] -- Up-to-date: /home/ragglesoft/Desktop/ros_ws/install/lunabot/include/lunabot/lunabot/msg/detail/inference_result__functions.h
[0.335s] -- Up-to-date: /home/ragglesoft/Desktop/ros_ws/install/lunabot/include/lunabot/lunabot/msg/detail/yolo_v8_inference__type_support.h
[0.335s] -- Up-to-date: /home/ragglesoft/Desktop/ros_ws/install/lunabot/include/lunabot/lunabot/msg/detail/inference_result__type_support.h
[0.335s] -- Up-to-date: /home/ragglesoft/Desktop/ros_ws/install/lunabot/include/lunabot/lunabot/msg/detail/inference_result__struct.h
[0.335s] -- Up-to-date: /home/ragglesoft/Desktop/ros_ws/install/lunabot/include/lunabot/lunabot/msg/detail/yolo_v8_inference__struct.h
[0.335s] -- Up-to-date: /home/ragglesoft/Desktop/ros_ws/install/lunabot/include/lunabot/lunabot/msg/rosidl_generator_c__visibility_control.h
[0.335s] -- Up-to-date: /home/ragglesoft/Desktop/ros_ws/install/lunabot/include/lunabot/lunabot/msg/yolo_v8_inference.h
[0.335s] -- Up-to-date: /home/ragglesoft/Desktop/ros_ws/install/lunabot/share/lunabot/environment/library_path.sh
[0.335s] -- Up-to-date: /home/ragglesoft/Desktop/ros_ws/install/lunabot/share/lunabot/environment/library_path.dsv
[0.335s] -- Up-to-date: /home/ragglesoft/Desktop/ros_ws/install/lunabot/lib/liblunabot__rosidl_generator_c.so
[0.335s] -- Up-to-date: /home/ragglesoft/Desktop/ros_ws/install/lunabot/include/lunabot/lunabot
[0.335s] -- Up-to-date: /home/ragglesoft/Desktop/ros_ws/install/lunabot/include/lunabot/lunabot/msg
[0.335s] -- Up-to-date: /home/ragglesoft/Desktop/ros_ws/install/lunabot/include/lunabot/lunabot/msg/rosidl_typesupport_fastrtps_c__visibility_control.h
[0.335s] -- Up-to-date: /home/ragglesoft/Desktop/ros_ws/install/lunabot/include/lunabot/lunabot/msg/detail
[0.335s] -- Up-to-date: /home/ragglesoft/Desktop/ros_ws/install/lunabot/include/lunabot/lunabot/msg/detail/yolo_v8_inference__rosidl_typesupport_fastrtps_c.h
[0.335s] -- Up-to-date: /home/ragglesoft/Desktop/ros_ws/install/lunabot/include/lunabot/lunabot/msg/detail/inference_result__rosidl_typesupport_fastrtps_c.h
[0.335s] -- Up-to-date: /home/ragglesoft/Desktop/ros_ws/install/lunabot/lib/liblunabot__rosidl_typesupport_fastrtps_c.so
[0.335s] -- Up-to-date: /home/ragglesoft/Desktop/ros_ws/install/lunabot/include/lunabot/lunabot
[0.336s] -- Up-to-date: /home/ragglesoft/Desktop/ros_ws/install/lunabot/include/lunabot/lunabot/msg
[0.336s] -- Up-to-date: /home/ragglesoft/Desktop/ros_ws/install/lunabot/include/lunabot/lunabot/msg/inference_result.hpp
[0.336s] -- Up-to-date: /home/ragglesoft/Desktop/ros_ws/install/lunabot/include/lunabot/lunabot/msg/yolo_v8_inference.hpp
[0.336s] -- Up-to-date: /home/ragglesoft/Desktop/ros_ws/install/lunabot/include/lunabot/lunabot/msg/detail
[0.336s] -- Up-to-date: /home/ragglesoft/Desktop/ros_ws/install/lunabot/include/lunabot/lunabot/msg/detail/yolo_v8_inference__builder.hpp
[0.336s] -- Up-to-date: /home/ragglesoft/Desktop/ros_ws/install/lunabot/include/lunabot/lunabot/msg/detail/inference_result__builder.hpp
[0.336s] -- Up-to-date: /home/ragglesoft/Desktop/ros_ws/install/lunabot/include/lunabot/lunabot/msg/detail/inference_result__traits.hpp
[0.336s] -- Up-to-date: /home/ragglesoft/Desktop/ros_ws/install/lunabot/include/lunabot/lunabot/msg/detail/inference_result__struct.hpp
[0.336s] -- Up-to-date: /home/ragglesoft/Desktop/ros_ws/install/lunabot/include/lunabot/lunabot/msg/detail/yolo_v8_inference__traits.hpp
[0.336s] -- Up-to-date: /home/ragglesoft/Desktop/ros_ws/install/lunabot/include/lunabot/lunabot/msg/detail/yolo_v8_inference__struct.hpp
[0.336s] -- Up-to-date: /home/ragglesoft/Desktop/ros_ws/install/lunabot/include/lunabot/lunabot
[0.336s] -- Up-to-date: /home/ragglesoft/Desktop/ros_ws/install/lunabot/include/lunabot/lunabot/msg
[0.336s] -- Up-to-date: /home/ragglesoft/Desktop/ros_ws/install/lunabot/include/lunabot/lunabot/msg/rosidl_typesupport_fastrtps_cpp__visibility_control.h
[0.336s] -- Up-to-date: /home/ragglesoft/Desktop/ros_ws/install/lunabot/include/lunabot/lunabot/msg/detail
[0.336s] -- Up-to-date: /home/ragglesoft/Desktop/ros_ws/install/lunabot/include/lunabot/lunabot/msg/detail/dds_fastrtps
[0.336s] -- Up-to-date: /home/ragglesoft/Desktop/ros_ws/install/lunabot/include/lunabot/lunabot/msg/detail/yolo_v8_inference__rosidl_typesupport_fastrtps_cpp.hpp
[0.336s] -- Up-to-date: /home/ragglesoft/Desktop/ros_ws/install/lunabot/include/lunabot/lunabot/msg/detail/inference_result__rosidl_typesupport_fastrtps_cpp.hpp
[0.336s] -- Up-to-date: /home/ragglesoft/Desktop/ros_ws/install/lunabot/lib/liblunabot__rosidl_typesupport_fastrtps_cpp.so
[0.336s] -- Up-to-date: /home/ragglesoft/Desktop/ros_ws/install/lunabot/include/lunabot/lunabot
[0.336s] -- Up-to-date: /home/ragglesoft/Desktop/ros_ws/install/lunabot/include/lunabot/lunabot/msg
[0.336s] -- Up-to-date: /home/ragglesoft/Desktop/ros_ws/install/lunabot/include/lunabot/lunabot/msg/rosidl_typesupport_introspection_c__visibility_control.h
[0.337s] -- Up-to-date: /home/ragglesoft/Desktop/ros_ws/install/lunabot/include/lunabot/lunabot/msg/detail
[0.337s] -- Up-to-date: /home/ragglesoft/Desktop/ros_ws/install/lunabot/include/lunabot/lunabot/msg/detail/inference_result__type_support.c
[0.337s] -- Up-to-date: /home/ragglesoft/Desktop/ros_ws/install/lunabot/include/lunabot/lunabot/msg/detail/yolo_v8_inference__type_support.c
[0.337s] -- Up-to-date: /home/ragglesoft/Desktop/ros_ws/install/lunabot/include/lunabot/lunabot/msg/detail/yolo_v8_inference__rosidl_typesupport_introspection_c.h
[0.337s] -- Up-to-date: /home/ragglesoft/Desktop/ros_ws/install/lunabot/include/lunabot/lunabot/msg/detail/inference_result__rosidl_typesupport_introspection_c.h
[0.337s] -- Up-to-date: /home/ragglesoft/Desktop/ros_ws/install/lunabot/lib/liblunabot__rosidl_typesupport_introspection_c.so
[0.337s] -- Up-to-date: /home/ragglesoft/Desktop/ros_ws/install/lunabot/lib/liblunabot__rosidl_typesupport_c.so
[0.337s] -- Up-to-date: /home/ragglesoft/Desktop/ros_ws/install/lunabot/include/lunabot/lunabot
[0.337s] -- Up-to-date: /home/ragglesoft/Desktop/ros_ws/install/lunabot/include/lunabot/lunabot/msg
[0.337s] -- Up-to-date: /home/ragglesoft/Desktop/ros_ws/install/lunabot/include/lunabot/lunabot/msg/detail
[0.337s] -- Up-to-date: /home/ragglesoft/Desktop/ros_ws/install/lunabot/include/lunabot/lunabot/msg/detail/yolo_v8_inference__type_support.cpp
[0.337s] -- Up-to-date: /home/ragglesoft/Desktop/ros_ws/install/lunabot/include/lunabot/lunabot/msg/detail/inference_result__rosidl_typesupport_introspection_cpp.hpp
[0.337s] -- Up-to-date: /home/ragglesoft/Desktop/ros_ws/install/lunabot/include/lunabot/lunabot/msg/detail/yolo_v8_inference__rosidl_typesupport_introspection_cpp.hpp
[0.337s] -- Up-to-date: /home/ragglesoft/Desktop/ros_ws/install/lunabot/include/lunabot/lunabot/msg/detail/inference_result__type_support.cpp
[0.337s] -- Up-to-date: /home/ragglesoft/Desktop/ros_ws/install/lunabot/lib/liblunabot__rosidl_typesupport_introspection_cpp.so
[0.337s] -- Up-to-date: /home/ragglesoft/Desktop/ros_ws/install/lunabot/lib/liblunabot__rosidl_typesupport_cpp.so
[0.337s] -- Up-to-date: /home/ragglesoft/Desktop/ros_ws/install/lunabot/share/lunabot/environment/pythonpath.sh
[0.337s] -- Up-to-date: /home/ragglesoft/Desktop/ros_ws/install/lunabot/share/lunabot/environment/pythonpath.dsv
[0.337s] -- Up-to-date: /home/ragglesoft/Desktop/ros_ws/install/lunabot/local/lib/python3.10/dist-packages/lunabot-0.0.0-py3.10.egg-info
[0.337s] -- Installing: /home/ragglesoft/Desktop/ros_ws/install/lunabot/local/lib/python3.10/dist-packages/lunabot-0.0.0-py3.10.egg-info/dependency_links.txt
[0.338s] -- Installing: /home/ragglesoft/Desktop/ros_ws/install/lunabot/local/lib/python3.10/dist-packages/lunabot-0.0.0-py3.10.egg-info/top_level.txt
[0.338s] -- Installing: /home/ragglesoft/Desktop/ros_ws/install/lunabot/local/lib/python3.10/dist-packages/lunabot-0.0.0-py3.10.egg-info/SOURCES.txt
[0.338s] -- Installing: /home/ragglesoft/Desktop/ros_ws/install/lunabot/local/lib/python3.10/dist-packages/lunabot-0.0.0-py3.10.egg-info/PKG-INFO
[0.338s] -- Up-to-date: /home/ragglesoft/Desktop/ros_ws/install/lunabot/local/lib/python3.10/dist-packages/lunabot
[0.338s] -- Up-to-date: /home/ragglesoft/Desktop/ros_ws/install/lunabot/local/lib/python3.10/dist-packages/lunabot/_lunabot_s.ep.rosidl_typesupport_c.c
[0.338s] -- Up-to-date: /home/ragglesoft/Desktop/ros_ws/install/lunabot/local/lib/python3.10/dist-packages/lunabot/lunabot_s__rosidl_typesupport_c.cpython-310-x86_64-linux-gnu.so
[0.338s] -- Up-to-date: /home/ragglesoft/Desktop/ros_ws/install/lunabot/local/lib/python3.10/dist-packages/lunabot/_lunabot_s.ep.rosidl_typesupport_introspection_c.c
[0.338s] -- Up-to-date: /home/ragglesoft/Desktop/ros_ws/install/lunabot/local/lib/python3.10/dist-packages/lunabot/_lunabot_s.ep.rosidl_typesupport_fastrtps_c.c
[0.338s] -- Up-to-date: /home/ragglesoft/Desktop/ros_ws/install/lunabot/local/lib/python3.10/dist-packages/lunabot/lunabot_s__rosidl_typesupport_fastrtps_c.cpython-310-x86_64-linux-gnu.so
[0.338s] -- Up-to-date: /home/ragglesoft/Desktop/ros_ws/install/lunabot/local/lib/python3.10/dist-packages/lunabot/msg
[0.338s] -- Up-to-date: /home/ragglesoft/Desktop/ros_ws/install/lunabot/local/lib/python3.10/dist-packages/lunabot/msg/_yolo_v8_inference.py
[0.338s] -- Up-to-date: /home/ragglesoft/Desktop/ros_ws/install/lunabot/local/lib/python3.10/dist-packages/lunabot/msg/__init__.py
[0.338s] -- Up-to-date: /home/ragglesoft/Desktop/ros_ws/install/lunabot/local/lib/python3.10/dist-packages/lunabot/msg/_yolo_v8_inference_s.c
[0.338s] -- Up-to-date: /home/ragglesoft/Desktop/ros_ws/install/lunabot/local/lib/python3.10/dist-packages/lunabot/msg/_inference_result.py
[0.338s] -- Up-to-date: /home/ragglesoft/Desktop/ros_ws/install/lunabot/local/lib/python3.10/dist-packages/lunabot/msg/_inference_result_s.c
[0.338s] -- Up-to-date: /home/ragglesoft/Desktop/ros_ws/install/lunabot/local/lib/python3.10/dist-packages/lunabot/__init__.py
[0.338s] -- Up-to-date: /home/ragglesoft/Desktop/ros_ws/install/lunabot/local/lib/python3.10/dist-packages/lunabot/lunabot_s__rosidl_typesupport_introspection_c.cpython-310-x86_64-linux-gnu.so
[0.338s] -- Up-to-date: /home/ragglesoft/Desktop/ros_ws/install/lunabot/local/lib/python3.10/dist-packages/lunabot/liblunabot__rosidl_generator_py.so
[0.359s] Listing '/home/ragglesoft/Desktop/ros_ws/install/lunabot/local/lib/python3.10/dist-packages/lunabot'...
[0.359s] Listing '/home/ragglesoft/Desktop/ros_ws/install/lunabot/local/lib/python3.10/dist-packages/lunabot/msg'...
[0.361s] -- Up-to-date: /home/ragglesoft/Desktop/ros_ws/install/lunabot/local/lib/python3.10/dist-packages/lunabot/lunabot_s__rosidl_typesupport_fastrtps_c.cpython-310-x86_64-linux-gnu.so
[0.361s] -- Up-to-date: /home/ragglesoft/Desktop/ros_ws/install/lunabot/local/lib/python3.10/dist-packages/lunabot/lunabot_s__rosidl_typesupport_introspection_c.cpython-310-x86_64-linux-gnu.so
[0.362s] -- Up-to-date: /home/ragglesoft/Desktop/ros_ws/install/lunabot/local/lib/python3.10/dist-packages/lunabot/lunabot_s__rosidl_typesupport_c.cpython-310-x86_64-linux-gnu.so
[0.362s] -- Up-to-date: /home/ragglesoft/Desktop/ros_ws/install/lunabot/lib/liblunabot__rosidl_generator_py.so
[0.362s] -- Up-to-date: /home/ragglesoft/Desktop/ros_ws/install/lunabot/share/lunabot/msg/InferenceResult.idl
[0.362s] -- Up-to-date: /home/ragglesoft/Desktop/ros_ws/install/lunabot/share/lunabot/msg/YoloV8Inference.idl
[0.362s] -- Up-to-date: /home/ragglesoft/Desktop/ros_ws/install/lunabot/share/lunabot/msg/InferenceResult.msg
[0.362s] -- Up-to-date: /home/ragglesoft/Desktop/ros_ws/install/lunabot/share/lunabot/msg/YoloV8Inference.msg
[0.362s] -- Up-to-date: /home/ragglesoft/Desktop/ros_ws/install/lunabot/lib/lunabot/raw_image_node
[0.362s] -- Up-to-date: /home/ragglesoft/Desktop/ros_ws/install/lunabot/share/ament_index/resource_index/package_run_dependencies/lunabot
[0.362s] -- Up-to-date: /home/ragglesoft/Desktop/ros_ws/install/lunabot/share/ament_index/resource_index/parent_prefix_path/lunabot
[0.363s] -- Up-to-date: /home/ragglesoft/Desktop/ros_ws/install/lunabot/share/lunabot/environment/ament_prefix_path.sh
[0.363s] -- Up-to-date: /home/ragglesoft/Desktop/ros_ws/install/lunabot/share/lunabot/environment/ament_prefix_path.dsv
[0.363s] -- Up-to-date: /home/ragglesoft/Desktop/ros_ws/install/lunabot/share/lunabot/environment/path.sh
[0.363s] -- Up-to-date: /home/ragglesoft/Desktop/ros_ws/install/lunabot/share/lunabot/environment/path.dsv
[0.363s] -- Up-to-date: /home/ragglesoft/Desktop/ros_ws/install/lunabot/share/lunabot/local_setup.bash
[0.363s] -- Up-to-date: /home/ragglesoft/Desktop/ros_ws/install/lunabot/share/lunabot/local_setup.sh
[0.363s] -- Up-to-date: /home/ragglesoft/Desktop/ros_ws/install/lunabot/share/lunabot/local_setup.zsh
[0.363s] -- Up-to-date: /home/ragglesoft/Desktop/ros_ws/install/lunabot/share/lunabot/local_setup.dsv
[0.363s] -- Installing: /home/ragglesoft/Desktop/ros_ws/install/lunabot/share/lunabot/package.dsv
[0.363s] -- Up-to-date: /home/ragglesoft/Desktop/ros_ws/install/lunabot/share/ament_index/resource_index/packages/lunabot
[0.363s] -- Up-to-date: /home/ragglesoft/Desktop/ros_ws/install/lunabot/share/lunabot/cmake/export_lunabot__rosidl_generator_cExport.cmake
[0.363s] -- Up-to-date: /home/ragglesoft/Desktop/ros_ws/install/lunabot/share/lunabot/cmake/export_lunabot__rosidl_generator_cExport-noconfig.cmake
[0.363s] -- Up-to-date: /home/ragglesoft/Desktop/ros_ws/install/lunabot/share/lunabot/cmake/export_lunabot__rosidl_typesupport_fastrtps_cExport.cmake
[0.363s] -- Up-to-date: /home/ragglesoft/Desktop/ros_ws/install/lunabot/share/lunabot/cmake/export_lunabot__rosidl_typesupport_fastrtps_cExport-noconfig.cmake
[0.363s] -- Up-to-date: /home/ragglesoft/Desktop/ros_ws/install/lunabot/share/lunabot/cmake/export_lunabot__rosidl_generator_cppExport.cmake
[0.363s] -- Up-to-date: /home/ragglesoft/Desktop/ros_ws/install/lunabot/share/lunabot/cmake/export_lunabot__rosidl_typesupport_fastrtps_cppExport.cmake
[0.363s] -- Up-to-date: /home/ragglesoft/Desktop/ros_ws/install/lunabot/share/lunabot/cmake/export_lunabot__rosidl_typesupport_fastrtps_cppExport-noconfig.cmake
[0.363s] -- Up-to-date: /home/ragglesoft/Desktop/ros_ws/install/lunabot/share/lunabot/cmake/lunabot__rosidl_typesupport_introspection_cExport.cmake
[0.363s] -- Up-to-date: /home/ragglesoft/Desktop/ros_ws/install/lunabot/share/lunabot/cmake/lunabot__rosidl_typesupport_introspection_cExport-noconfig.cmake
[0.364s] -- Up-to-date: /home/ragglesoft/Desktop/ros_ws/install/lunabot/share/lunabot/cmake/lunabot__rosidl_typesupport_cExport.cmake
[0.364s] -- Up-to-date: /home/ragglesoft/Desktop/ros_ws/install/lunabot/share/lunabot/cmake/lunabot__rosidl_typesupport_cExport-noconfig.cmake
[0.364s] -- Up-to-date: /home/ragglesoft/Desktop/ros_ws/install/lunabot/share/lunabot/cmake/lunabot__rosidl_typesupport_introspection_cppExport.cmake
[0.364s] -- Up-to-date: /home/ragglesoft/Desktop/ros_ws/install/lunabot/share/lunabot/cmake/lunabot__rosidl_typesupport_introspection_cppExport-noconfig.cmake
[0.364s] -- Up-to-date: /home/ragglesoft/Desktop/ros_ws/install/lunabot/share/lunabot/cmake/lunabot__rosidl_typesupport_cppExport.cmake
[0.364s] -- Up-to-date: /home/ragglesoft/Desktop/ros_ws/install/lunabot/share/lunabot/cmake/lunabot__rosidl_typesupport_cppExport-noconfig.cmake
[0.364s] -- Up-to-date: /home/ragglesoft/Desktop/ros_ws/install/lunabot/share/lunabot/cmake/export_lunabot__rosidl_generator_pyExport.cmake
[0.364s] -- Up-to-date: /home/ragglesoft/Desktop/ros_ws/install/lunabot/share/lunabot/cmake/export_lunabot__rosidl_generator_pyExport-noconfig.cmake
[0.364s] -- Up-to-date: /home/ragglesoft/Desktop/ros_ws/install/lunabot/share/lunabot/cmake/rosidl_cmake-extras.cmake
[0.364s] -- Up-to-date: /home/ragglesoft/Desktop/ros_ws/install/lunabot/share/lunabot/cmake/ament_cmake_export_dependencies-extras.cmake
[0.364s] -- Up-to-date: /home/ragglesoft/Desktop/ros_ws/install/lunabot/share/lunabot/cmake/ament_cmake_export_include_directories-extras.cmake
[0.364s] -- Up-to-date: /home/ragglesoft/Desktop/ros_ws/install/lunabot/share/lunabot/cmake/ament_cmake_export_libraries-extras.cmake
[0.364s] -- Up-to-date: /home/ragglesoft/Desktop/ros_ws/install/lunabot/share/lunabot/cmake/ament_cmake_export_targets-extras.cmake
[0.364s] -- Up-to-date: /home/ragglesoft/Desktop/ros_ws/install/lunabot/share/lunabot/cmake/rosidl_cmake_export_typesupport_targets-extras.cmake
[0.364s] -- Up-to-date: /home/ragglesoft/Desktop/ros_ws/install/lunabot/share/lunabot/cmake/rosidl_cmake_export_typesupport_libraries-extras.cmake
[0.364s] -- Up-to-date: /home/ragglesoft/Desktop/ros_ws/install/lunabot/share/lunabot/cmake/lunabotConfig.cmake
[0.364s] -- Up-to-date: /home/ragglesoft/Desktop/ros_ws/install/lunabot/share/lunabot/cmake/lunabotConfig-version.cmake
[0.364s] -- Up-to-date: /home/ragglesoft/Desktop/ros_ws/install/lunabot/share/lunabot/package.xml
[0.365s] Invoked command in '/home/ragglesoft/Desktop/ros_ws/build/lunabot' returned '0': CMAKE_PREFIX_PATH=${CMAKE_PREFIX_PATH}:/opt/ros/humble /usr/bin/cmake --install /home/ragglesoft/Desktop/ros_ws/build/lunabot
