[0.082s] DEBUG:colcon:Command line arguments: ['/usr/bin/colcon', 'build']
[0.082s] DEBUG:colcon:Parsed command line arguments: Namespace(log_base=None, log_level=None, verb_name='build', build_base='build', install_base='install', merge_install=False, symlink_install=False, test_result_base=None, continue_on_error=False, executor='parallel', parallel_workers=12, event_handlers=None, ignore_user_meta=False, metas=['./colcon.meta'], base_paths=['.'], packages_ignore=None, packages_ignore_regex=None, paths=None, packages_up_to=None, packages_up_to_regex=None, packages_above=None, packages_above_and_dependencies=None, packages_above_depth=None, packages_select_by_dep=None, packages_skip_by_dep=None, packages_skip_up_to=None, packages_select_build_failed=False, packages_skip_build_finished=False, packages_select_test_failures=False, packages_skip_test_passed=False, packages_select=None, packages_skip=None, packages_select_regex=None, packages_skip_regex=None, packages_start=None, packages_end=None, allow_overriding=[], cmake_args=None, cmake_target=None, cmake_target_skip_unavailable=False, cmake_clean_cache=False, cmake_clean_first=False, cmake_force_configure=False, ament_cmake_args=None, catkin_cmake_args=None, catkin_skip_building_tests=False, mixin_files=None, mixin=None, verb_parser=<colcon_mixin.mixin.mixin_argument.MixinArgumentDecorator object at 0x706ed95ee1d0>, verb_extension=<colcon_core.verb.build.BuildVerb object at 0x706ed9756800>, main=<bound method BuildVerb.main of <colcon_core.verb.build.BuildVerb object at 0x706ed9756800>>, mixin_verb=('build',))
[0.222s] Level 1:colcon.colcon_core.package_discovery:discover_packages(colcon_meta) check parameters
[0.222s] Level 1:colcon.colcon_core.package_discovery:discover_packages(recursive) check parameters
[0.222s] Level 1:colcon.colcon_core.package_discovery:discover_packages(ignore) check parameters
[0.222s] Level 1:colcon.colcon_core.package_discovery:discover_packages(path) check parameters
[0.222s] Level 1:colcon.colcon_core.package_discovery:discover_packages(colcon_meta) discover
[0.222s] Level 1:colcon.colcon_core.package_discovery:discover_packages(recursive) discover
[0.222s] INFO:colcon.colcon_core.package_discovery:Crawling recursively for packages in '/home/ragglesoft/Desktop/ros_ws'
[0.222s] Level 1:colcon.colcon_core.package_identification:_identify(.) by extensions ['ignore', 'ignore_ament_install']
[0.222s] Level 1:colcon.colcon_core.package_identification:_identify(.) by extension 'ignore'
[0.222s] Level 1:colcon.colcon_core.package_identification:_identify(.) by extension 'ignore_ament_install'
[0.222s] Level 1:colcon.colcon_core.package_identification:_identify(.) by extensions ['colcon_pkg']
[0.222s] Level 1:colcon.colcon_core.package_identification:_identify(.) by extension 'colcon_pkg'
[0.222s] Level 1:colcon.colcon_core.package_identification:_identify(.) by extensions ['colcon_meta']
[0.222s] Level 1:colcon.colcon_core.package_identification:_identify(.) by extension 'colcon_meta'
[0.222s] Level 1:colcon.colcon_core.package_identification:_identify(.) by extensions ['ros']
[0.222s] Level 1:colcon.colcon_core.package_identification:_identify(.) by extension 'ros'
[0.231s] Level 1:colcon.colcon_core.package_identification:_identify(.) by extensions ['cmake', 'python']
[0.231s] Level 1:colcon.colcon_core.package_identification:_identify(.) by extension 'cmake'
[0.231s] Level 1:colcon.colcon_core.package_identification:_identify(.) by extension 'python'
[0.231s] Level 1:colcon.colcon_core.package_identification:_identify(.) by extensions ['python_setup_py']
[0.231s] Level 1:colcon.colcon_core.package_identification:_identify(.) by extension 'python_setup_py'
[0.231s] Level 1:colcon.colcon_core.package_identification:_identify(build) by extensions ['ignore', 'ignore_ament_install']
[0.231s] Level 1:colcon.colcon_core.package_identification:_identify(build) by extension 'ignore'
[0.231s] Level 1:colcon.colcon_core.package_identification:_identify(build) ignored
[0.231s] Level 1:colcon.colcon_core.package_identification:_identify(install) by extensions ['ignore', 'ignore_ament_install']
[0.231s] Level 1:colcon.colcon_core.package_identification:_identify(install) by extension 'ignore'
[0.231s] Level 1:colcon.colcon_core.package_identification:_identify(install) ignored
[0.231s] Level 1:colcon.colcon_core.package_identification:_identify(log) by extensions ['ignore', 'ignore_ament_install']
[0.232s] Level 1:colcon.colcon_core.package_identification:_identify(log) by extension 'ignore'
[0.232s] Level 1:colcon.colcon_core.package_identification:_identify(log) ignored
[0.232s] Level 1:colcon.colcon_core.package_identification:_identify(src) by extensions ['ignore', 'ignore_ament_install']
[0.232s] Level 1:colcon.colcon_core.package_identification:_identify(src) by extension 'ignore'
[0.232s] Level 1:colcon.colcon_core.package_identification:_identify(src) by extension 'ignore_ament_install'
[0.232s] Level 1:colcon.colcon_core.package_identification:_identify(src) by extensions ['colcon_pkg']
[0.232s] Level 1:colcon.colcon_core.package_identification:_identify(src) by extension 'colcon_pkg'
[0.232s] Level 1:colcon.colcon_core.package_identification:_identify(src) by extensions ['colcon_meta']
[0.232s] Level 1:colcon.colcon_core.package_identification:_identify(src) by extension 'colcon_meta'
[0.232s] Level 1:colcon.colcon_core.package_identification:_identify(src) by extensions ['ros']
[0.232s] Level 1:colcon.colcon_core.package_identification:_identify(src) by extension 'ros'
[0.232s] Level 1:colcon.colcon_core.package_identification:_identify(src) by extensions ['cmake', 'python']
[0.232s] Level 1:colcon.colcon_core.package_identification:_identify(src) by extension 'cmake'
[0.232s] Level 1:colcon.colcon_core.package_identification:_identify(src) by extension 'python'
[0.232s] Level 1:colcon.colcon_core.package_identification:_identify(src) by extensions ['python_setup_py']
[0.232s] Level 1:colcon.colcon_core.package_identification:_identify(src) by extension 'python_setup_py'
[0.232s] Level 1:colcon.colcon_core.package_identification:_identify(src/lunabot) by extensions ['ignore', 'ignore_ament_install']
[0.232s] Level 1:colcon.colcon_core.package_identification:_identify(src/lunabot) by extension 'ignore'
[0.232s] Level 1:colcon.colcon_core.package_identification:_identify(src/lunabot) by extension 'ignore_ament_install'
[0.232s] Level 1:colcon.colcon_core.package_identification:_identify(src/lunabot) by extensions ['colcon_pkg']
[0.232s] Level 1:colcon.colcon_core.package_identification:_identify(src/lunabot) by extension 'colcon_pkg'
[0.232s] Level 1:colcon.colcon_core.package_identification:_identify(src/lunabot) by extensions ['colcon_meta']
[0.232s] Level 1:colcon.colcon_core.package_identification:_identify(src/lunabot) by extension 'colcon_meta'
[0.232s] Level 1:colcon.colcon_core.package_identification:_identify(src/lunabot) by extensions ['ros']
[0.232s] Level 1:colcon.colcon_core.package_identification:_identify(src/lunabot) by extension 'ros'
[0.235s] DEBUG:colcon.colcon_core.package_identification:Package 'src/lunabot' with type 'ros.ament_cmake' and name 'lunabot'
[0.235s] Level 1:colcon.colcon_core.package_discovery:discover_packages(recursive) using defaults
[0.235s] Level 1:colcon.colcon_core.package_discovery:discover_packages(ignore) discover
[0.235s] Level 1:colcon.colcon_core.package_discovery:discover_packages(ignore) using defaults
[0.235s] Level 1:colcon.colcon_core.package_discovery:discover_packages(path) discover
[0.235s] Level 1:colcon.colcon_core.package_discovery:discover_packages(path) using defaults
[0.256s] Level 1:colcon.colcon_core.package_discovery:discover_packages(prefix_path) check parameters
[0.256s] Level 1:colcon.colcon_core.package_discovery:discover_packages(prefix_path) discover
[0.257s] DEBUG:colcon.colcon_installed_package_information.package_discovery:Found 1 installed packages in /home/ragglesoft/Desktop/ros_ws/install
[0.258s] DEBUG:colcon.colcon_installed_package_information.package_discovery:Found 327 installed packages in /opt/ros/humble
[0.260s] Level 1:colcon.colcon_core.package_discovery:discover_packages(prefix_path) using defaults
[0.294s] Level 5:colcon.colcon_core.verb:set package 'lunabot' build argument 'cmake_args' from command line to 'None'
[0.294s] Level 5:colcon.colcon_core.verb:set package 'lunabot' build argument 'cmake_target' from command line to 'None'
[0.294s] Level 5:colcon.colcon_core.verb:set package 'lunabot' build argument 'cmake_target_skip_unavailable' from command line to 'False'
[0.294s] Level 5:colcon.colcon_core.verb:set package 'lunabot' build argument 'cmake_clean_cache' from command line to 'False'
[0.294s] Level 5:colcon.colcon_core.verb:set package 'lunabot' build argument 'cmake_clean_first' from command line to 'False'
[0.294s] Level 5:colcon.colcon_core.verb:set package 'lunabot' build argument 'cmake_force_configure' from command line to 'False'
[0.294s] Level 5:colcon.colcon_core.verb:set package 'lunabot' build argument 'ament_cmake_args' from command line to 'None'
[0.294s] Level 5:colcon.colcon_core.verb:set package 'lunabot' build argument 'catkin_cmake_args' from command line to 'None'
[0.294s] Level 5:colcon.colcon_core.verb:set package 'lunabot' build argument 'catkin_skip_building_tests' from command line to 'False'
[0.294s] DEBUG:colcon.colcon_core.verb:Building package 'lunabot' with the following arguments: {'ament_cmake_args': None, 'build_base': '/home/ragglesoft/Desktop/ros_ws/build/lunabot', 'catkin_cmake_args': None, 'catkin_skip_building_tests': False, 'cmake_args': None, 'cmake_clean_cache': False, 'cmake_clean_first': False, 'cmake_force_configure': False, 'cmake_target': None, 'cmake_target_skip_unavailable': False, 'install_base': '/home/ragglesoft/Desktop/ros_ws/install/lunabot', 'merge_install': False, 'path': '/home/ragglesoft/Desktop/ros_ws/src/lunabot', 'symlink_install': False, 'test_result_base': None}
[0.294s] INFO:colcon.colcon_core.executor:Executing jobs using 'parallel' executor
[0.295s] DEBUG:colcon.colcon_parallel_executor.executor.parallel:run_until_complete
[0.295s] INFO:colcon.colcon_ros.task.ament_cmake.build:Building ROS package in '/home/ragglesoft/Desktop/ros_ws/src/lunabot' with build type 'ament_cmake'
[0.295s] INFO:colcon.colcon_cmake.task.cmake.build:Building CMake package in '/home/ragglesoft/Desktop/ros_ws/src/lunabot'
[0.296s] INFO:colcon.colcon_core.plugin_system:Skipping extension 'colcon_core.shell.bat': Not used on non-Windows systems
[0.297s] INFO:colcon.colcon_core.shell:Skip shell extension 'powershell' for command environment: Not usable outside of PowerShell
[0.297s] DEBUG:colcon.colcon_core.shell:Skip shell extension 'dsv' for command environment
[0.303s] DEBUG:colcon.colcon_core.event_handler.log_command:Invoking command in '/home/ragglesoft/Desktop/ros_ws/build/lunabot': CMAKE_PREFIX_PATH=${CMAKE_PREFIX_PATH}:/opt/ros/humble /usr/bin/cmake --build /home/ragglesoft/Desktop/ros_ws/build/lunabot -- -j12 -l12
[4.931s] DEBUG:colcon.colcon_core.event_handler.log_command:Invoked command in '/home/ragglesoft/Desktop/ros_ws/build/lunabot' returned '0': CMAKE_PREFIX_PATH=${CMAKE_PREFIX_PATH}:/opt/ros/humble /usr/bin/cmake --build /home/ragglesoft/Desktop/ros_ws/build/lunabot -- -j12 -l12
[4.982s] DEBUG:colcon.colcon_core.event_handler.log_command:Invoking command in '/home/ragglesoft/Desktop/ros_ws/build/lunabot': CMAKE_PREFIX_PATH=${CMAKE_PREFIX_PATH}:/opt/ros/humble /usr/bin/cmake --install /home/ragglesoft/Desktop/ros_ws/build/lunabot
[5.028s] Level 1:colcon.colcon_core.environment:create_environment_scripts_only(lunabot)
[5.028s] DEBUG:colcon.colcon_core.event_handler.log_command:Invoked command in '/home/ragglesoft/Desktop/ros_ws/build/lunabot' returned '0': CMAKE_PREFIX_PATH=${CMAKE_PREFIX_PATH}:/opt/ros/humble /usr/bin/cmake --install /home/ragglesoft/Desktop/ros_ws/build/lunabot
[5.030s] Level 1:colcon.colcon_core.environment:checking '/home/ragglesoft/Desktop/ros_ws/install/lunabot' for CMake module files
[5.030s] Level 1:colcon.colcon_core.environment:checking '/home/ragglesoft/Desktop/ros_ws/install/lunabot' for CMake config files
[5.031s] Level 1:colcon.colcon_core.shell:create_environment_hook('lunabot', 'cmake_prefix_path')
[5.031s] INFO:colcon.colcon_core.shell:Creating environment hook '/home/ragglesoft/Desktop/ros_ws/install/lunabot/share/lunabot/hook/cmake_prefix_path.ps1'
[5.031s] INFO:colcon.colcon_core.shell:Creating environment descriptor '/home/ragglesoft/Desktop/ros_ws/install/lunabot/share/lunabot/hook/cmake_prefix_path.dsv'
[5.032s] INFO:colcon.colcon_core.shell:Creating environment hook '/home/ragglesoft/Desktop/ros_ws/install/lunabot/share/lunabot/hook/cmake_prefix_path.sh'
[5.032s] Level 1:colcon.colcon_core.environment:checking '/home/ragglesoft/Desktop/ros_ws/install/lunabot/lib'
[5.032s] Level 1:colcon.colcon_core.shell:create_environment_hook('lunabot', 'ld_library_path_lib')
[5.032s] INFO:colcon.colcon_core.shell:Creating environment hook '/home/ragglesoft/Desktop/ros_ws/install/lunabot/share/lunabot/hook/ld_library_path_lib.ps1'
[5.033s] INFO:colcon.colcon_core.shell:Creating environment descriptor '/home/ragglesoft/Desktop/ros_ws/install/lunabot/share/lunabot/hook/ld_library_path_lib.dsv'
[5.033s] INFO:colcon.colcon_core.shell:Creating environment hook '/home/ragglesoft/Desktop/ros_ws/install/lunabot/share/lunabot/hook/ld_library_path_lib.sh'
[5.033s] Level 1:colcon.colcon_core.environment:checking '/home/ragglesoft/Desktop/ros_ws/install/lunabot/bin'
[5.033s] Level 1:colcon.colcon_core.environment:checking '/home/ragglesoft/Desktop/ros_ws/install/lunabot/lib/pkgconfig/lunabot.pc'
[5.033s] Level 1:colcon.colcon_core.environment:checking '/home/ragglesoft/Desktop/ros_ws/install/lunabot/lib/python3.10/site-packages'
[5.034s] Level 1:colcon.colcon_core.environment:checking '/home/ragglesoft/Desktop/ros_ws/install/lunabot/bin'
[5.034s] INFO:colcon.colcon_core.shell:Creating package script '/home/ragglesoft/Desktop/ros_ws/install/lunabot/share/lunabot/package.ps1'
[5.035s] INFO:colcon.colcon_core.shell:Creating package descriptor '/home/ragglesoft/Desktop/ros_ws/install/lunabot/share/lunabot/package.dsv'
[5.035s] INFO:colcon.colcon_core.shell:Creating package script '/home/ragglesoft/Desktop/ros_ws/install/lunabot/share/lunabot/package.sh'
[5.035s] INFO:colcon.colcon_core.shell:Creating package script '/home/ragglesoft/Desktop/ros_ws/install/lunabot/share/lunabot/package.bash'
[5.036s] INFO:colcon.colcon_core.shell:Creating package script '/home/ragglesoft/Desktop/ros_ws/install/lunabot/share/lunabot/package.zsh'
[5.036s] Level 1:colcon.colcon_core.environment:create_file_with_runtime_dependencies(/home/ragglesoft/Desktop/ros_ws/install/lunabot/share/colcon-core/packages/lunabot)
[5.079s] Level 1:colcon.colcon_core.environment:create_environment_scripts_only(lunabot)
[5.079s] Level 1:colcon.colcon_core.environment:checking '/home/ragglesoft/Desktop/ros_ws/install/lunabot' for CMake module files
[5.080s] Level 1:colcon.colcon_core.environment:checking '/home/ragglesoft/Desktop/ros_ws/install/lunabot' for CMake config files
[5.080s] Level 1:colcon.colcon_core.shell:create_environment_hook('lunabot', 'cmake_prefix_path')
[5.080s] INFO:colcon.colcon_core.shell:Creating environment hook '/home/ragglesoft/Desktop/ros_ws/install/lunabot/share/lunabot/hook/cmake_prefix_path.ps1'
[5.081s] INFO:colcon.colcon_core.shell:Creating environment descriptor '/home/ragglesoft/Desktop/ros_ws/install/lunabot/share/lunabot/hook/cmake_prefix_path.dsv'
[5.081s] INFO:colcon.colcon_core.shell:Creating environment hook '/home/ragglesoft/Desktop/ros_ws/install/lunabot/share/lunabot/hook/cmake_prefix_path.sh'
[5.081s] Level 1:colcon.colcon_core.environment:checking '/home/ragglesoft/Desktop/ros_ws/install/lunabot/lib'
[5.081s] Level 1:colcon.colcon_core.shell:create_environment_hook('lunabot', 'ld_library_path_lib')
[5.082s] INFO:colcon.colcon_core.shell:Creating environment hook '/home/ragglesoft/Desktop/ros_ws/install/lunabot/share/lunabot/hook/ld_library_path_lib.ps1'
[5.082s] INFO:colcon.colcon_core.shell:Creating environment descriptor '/home/ragglesoft/Desktop/ros_ws/install/lunabot/share/lunabot/hook/ld_library_path_lib.dsv'
[5.082s] INFO:colcon.colcon_core.shell:Creating environment hook '/home/ragglesoft/Desktop/ros_ws/install/lunabot/share/lunabot/hook/ld_library_path_lib.sh'
[5.082s] Level 1:colcon.colcon_core.environment:checking '/home/ragglesoft/Desktop/ros_ws/install/lunabot/bin'
[5.083s] Level 1:colcon.colcon_core.environment:checking '/home/ragglesoft/Desktop/ros_ws/install/lunabot/lib/pkgconfig/lunabot.pc'
[5.083s] Level 1:colcon.colcon_core.environment:checking '/home/ragglesoft/Desktop/ros_ws/install/lunabot/lib/python3.10/site-packages'
[5.083s] Level 1:colcon.colcon_core.environment:checking '/home/ragglesoft/Desktop/ros_ws/install/lunabot/bin'
[5.083s] INFO:colcon.colcon_core.shell:Creating package script '/home/ragglesoft/Desktop/ros_ws/install/lunabot/share/lunabot/package.ps1'
[5.084s] INFO:colcon.colcon_core.shell:Creating package descriptor '/home/ragglesoft/Desktop/ros_ws/install/lunabot/share/lunabot/package.dsv'
[5.084s] INFO:colcon.colcon_core.shell:Creating package script '/home/ragglesoft/Desktop/ros_ws/install/lunabot/share/lunabot/package.sh'
[5.084s] INFO:colcon.colcon_core.shell:Creating package script '/home/ragglesoft/Desktop/ros_ws/install/lunabot/share/lunabot/package.bash'
[5.085s] INFO:colcon.colcon_core.shell:Creating package script '/home/ragglesoft/Desktop/ros_ws/install/lunabot/share/lunabot/package.zsh'
[5.085s] Level 1:colcon.colcon_core.environment:create_file_with_runtime_dependencies(/home/ragglesoft/Desktop/ros_ws/install/lunabot/share/colcon-core/packages/lunabot)
[5.085s] DEBUG:colcon.colcon_parallel_executor.executor.parallel:closing loop
[5.085s] DEBUG:colcon.colcon_parallel_executor.executor.parallel:loop closed
[5.085s] DEBUG:colcon.colcon_parallel_executor.executor.parallel:run_until_complete finished with '0'
[5.085s] DEBUG:colcon.colcon_core.event_reactor:joining thread
[5.089s] INFO:colcon.colcon_core.plugin_system:Skipping extension 'colcon_notification.desktop_notification.terminal_notifier': Not used on non-Darwin systems
[5.089s] INFO:colcon.colcon_core.plugin_system:Skipping extension 'colcon_notification.desktop_notification.win32': Not used on non-Windows systems
[5.089s] INFO:colcon.colcon_notification.desktop_notification:Sending desktop notification using 'notify2'
[5.097s] DEBUG:colcon.colcon_core.event_reactor:joined thread
[5.097s] INFO:colcon.colcon_core.shell:Creating prefix script '/home/ragglesoft/Desktop/ros_ws/install/local_setup.ps1'
[5.098s] INFO:colcon.colcon_core.shell:Creating prefix util module '/home/ragglesoft/Desktop/ros_ws/install/_local_setup_util_ps1.py'
[5.099s] INFO:colcon.colcon_core.shell:Creating prefix chain script '/home/ragglesoft/Desktop/ros_ws/install/setup.ps1'
[5.100s] INFO:colcon.colcon_core.shell:Creating prefix script '/home/ragglesoft/Desktop/ros_ws/install/local_setup.sh'
[5.101s] INFO:colcon.colcon_core.shell:Creating prefix util module '/home/ragglesoft/Desktop/ros_ws/install/_local_setup_util_sh.py'
[5.101s] INFO:colcon.colcon_core.shell:Creating prefix chain script '/home/ragglesoft/Desktop/ros_ws/install/setup.sh'
[5.102s] INFO:colcon.colcon_core.shell:Creating prefix script '/home/ragglesoft/Desktop/ros_ws/install/local_setup.bash'
[5.102s] INFO:colcon.colcon_core.shell:Creating prefix chain script '/home/ragglesoft/Desktop/ros_ws/install/setup.bash'
[5.103s] INFO:colcon.colcon_core.shell:Creating prefix script '/home/ragglesoft/Desktop/ros_ws/install/local_setup.zsh'
[5.103s] INFO:colcon.colcon_core.shell:Creating prefix chain script '/home/ragglesoft/Desktop/ros_ws/install/setup.zsh'
