[0.121s] DEBUG:colcon:Command line arguments: ['/usr/bin/colcon', 'build']
[0.121s] DEBUG:colcon:Parsed command line arguments: Namespace(log_base=None, log_level=None, verb_name='build', build_base='build', install_base='install', merge_install=False, symlink_install=False, test_result_base=None, continue_on_error=False, executor='parallel', parallel_workers=12, event_handlers=None, ignore_user_meta=False, metas=['./colcon.meta'], base_paths=['.'], packages_ignore=None, packages_ignore_regex=None, paths=None, packages_up_to=None, packages_up_to_regex=None, packages_above=None, packages_above_and_dependencies=None, packages_above_depth=None, packages_select_by_dep=None, packages_skip_by_dep=None, packages_skip_up_to=None, packages_select_build_failed=False, packages_skip_build_finished=False, packages_select_test_failures=False, packages_skip_test_passed=False, packages_select=None, packages_skip=None, packages_select_regex=None, packages_skip_regex=None, packages_start=None, packages_end=None, allow_overriding=[], cmake_args=None, cmake_target=None, cmake_target_skip_unavailable=False, cmake_clean_cache=False, cmake_clean_first=False, cmake_force_configure=False, ament_cmake_args=None, catkin_cmake_args=None, catkin_skip_building_tests=False, mixin_files=None, mixin=None, verb_parser=<colcon_mixin.mixin.mixin_argument.MixinArgumentDecorator object at 0x7eb64c55a800>, verb_extension=<colcon_core.verb.build.BuildVerb object at 0x7eb64c66ee30>, main=<bound method BuildVerb.main of <colcon_core.verb.build.BuildVerb object at 0x7eb64c66ee30>>, mixin_verb=('build',))
[0.324s] Level 1:colcon.colcon_core.package_discovery:discover_packages(colcon_meta) check parameters
[0.324s] Level 1:colcon.colcon_core.package_discovery:discover_packages(recursive) check parameters
[0.324s] Level 1:colcon.colcon_core.package_discovery:discover_packages(ignore) check parameters
[0.324s] Level 1:colcon.colcon_core.package_discovery:discover_packages(path) check parameters
[0.324s] Level 1:colcon.colcon_core.package_discovery:discover_packages(colcon_meta) discover
[0.324s] Level 1:colcon.colcon_core.package_discovery:discover_packages(recursive) discover
[0.324s] INFO:colcon.colcon_core.package_discovery:Crawling recursively for packages in '/home/ragglesoft/lunabot'
[0.325s] Level 1:colcon.colcon_core.package_identification:_identify(.) by extensions ['ignore', 'ignore_ament_install']
[0.325s] Level 1:colcon.colcon_core.package_identification:_identify(.) by extension 'ignore'
[0.325s] Level 1:colcon.colcon_core.package_identification:_identify(.) by extension 'ignore_ament_install'
[0.325s] Level 1:colcon.colcon_core.package_identification:_identify(.) by extensions ['colcon_pkg']
[0.325s] Level 1:colcon.colcon_core.package_identification:_identify(.) by extension 'colcon_pkg'
[0.325s] Level 1:colcon.colcon_core.package_identification:_identify(.) by extensions ['colcon_meta']
[0.325s] Level 1:colcon.colcon_core.package_identification:_identify(.) by extension 'colcon_meta'
[0.325s] Level 1:colcon.colcon_core.package_identification:_identify(.) by extensions ['ros']
[0.325s] Level 1:colcon.colcon_core.package_identification:_identify(.) by extension 'ros'
[0.334s] Level 1:colcon.colcon_core.package_identification:_identify(.) by extensions ['cmake', 'python']
[0.334s] Level 1:colcon.colcon_core.package_identification:_identify(.) by extension 'cmake'
[0.334s] Level 1:colcon.colcon_core.package_identification:_identify(.) by extension 'python'
[0.334s] Level 1:colcon.colcon_core.package_identification:_identify(.) by extensions ['python_setup_py']
[0.334s] Level 1:colcon.colcon_core.package_identification:_identify(.) by extension 'python_setup_py'
[0.334s] Level 1:colcon.colcon_core.package_identification:_identify(build) by extensions ['ignore', 'ignore_ament_install']
[0.334s] Level 1:colcon.colcon_core.package_identification:_identify(build) by extension 'ignore'
[0.334s] Level 1:colcon.colcon_core.package_identification:_identify(build) ignored
[0.334s] Level 1:colcon.colcon_core.package_identification:_identify(install) by extensions ['ignore', 'ignore_ament_install']
[0.334s] Level 1:colcon.colcon_core.package_identification:_identify(install) by extension 'ignore'
[0.334s] Level 1:colcon.colcon_core.package_identification:_identify(install) ignored
[0.334s] Level 1:colcon.colcon_core.package_identification:_identify(log) by extensions ['ignore', 'ignore_ament_install']
[0.334s] Level 1:colcon.colcon_core.package_identification:_identify(log) by extension 'ignore'
[0.334s] Level 1:colcon.colcon_core.package_identification:_identify(log) ignored
[0.334s] Level 1:colcon.colcon_core.package_identification:_identify(src) by extensions ['ignore', 'ignore_ament_install']
[0.335s] Level 1:colcon.colcon_core.package_identification:_identify(src) by extension 'ignore'
[0.335s] Level 1:colcon.colcon_core.package_identification:_identify(src) by extension 'ignore_ament_install'
[0.335s] Level 1:colcon.colcon_core.package_identification:_identify(src) by extensions ['colcon_pkg']
[0.335s] Level 1:colcon.colcon_core.package_identification:_identify(src) by extension 'colcon_pkg'
[0.335s] Level 1:colcon.colcon_core.package_identification:_identify(src) by extensions ['colcon_meta']
[0.335s] Level 1:colcon.colcon_core.package_identification:_identify(src) by extension 'colcon_meta'
[0.335s] Level 1:colcon.colcon_core.package_identification:_identify(src) by extensions ['ros']
[0.335s] Level 1:colcon.colcon_core.package_identification:_identify(src) by extension 'ros'
[0.335s] Level 1:colcon.colcon_core.package_identification:_identify(src) by extensions ['cmake', 'python']
[0.335s] Level 1:colcon.colcon_core.package_identification:_identify(src) by extension 'cmake'
[0.335s] Level 1:colcon.colcon_core.package_identification:_identify(src) by extension 'python'
[0.335s] Level 1:colcon.colcon_core.package_identification:_identify(src) by extensions ['python_setup_py']
[0.335s] Level 1:colcon.colcon_core.package_identification:_identify(src) by extension 'python_setup_py'
[0.335s] Level 1:colcon.colcon_core.package_identification:_identify(src/lunabot) by extensions ['ignore', 'ignore_ament_install']
[0.335s] Level 1:colcon.colcon_core.package_identification:_identify(src/lunabot) by extension 'ignore'
[0.335s] Level 1:colcon.colcon_core.package_identification:_identify(src/lunabot) by extension 'ignore_ament_install'
[0.335s] Level 1:colcon.colcon_core.package_identification:_identify(src/lunabot) by extensions ['colcon_pkg']
[0.335s] Level 1:colcon.colcon_core.package_identification:_identify(src/lunabot) by extension 'colcon_pkg'
[0.335s] Level 1:colcon.colcon_core.package_identification:_identify(src/lunabot) by extensions ['colcon_meta']
[0.335s] Level 1:colcon.colcon_core.package_identification:_identify(src/lunabot) by extension 'colcon_meta'
[0.335s] Level 1:colcon.colcon_core.package_identification:_identify(src/lunabot) by extensions ['ros']
[0.335s] Level 1:colcon.colcon_core.package_identification:_identify(src/lunabot) by extension 'ros'
[0.338s] DEBUG:colcon.colcon_core.package_identification:Package 'src/lunabot' with type 'ros.ament_cmake' and name 'lunabot'
[0.338s] Level 1:colcon.colcon_core.package_discovery:discover_packages(recursive) using defaults
[0.338s] Level 1:colcon.colcon_core.package_discovery:discover_packages(ignore) discover
[0.339s] Level 1:colcon.colcon_core.package_discovery:discover_packages(ignore) using defaults
[0.339s] Level 1:colcon.colcon_core.package_discovery:discover_packages(path) discover
[0.339s] Level 1:colcon.colcon_core.package_discovery:discover_packages(path) using defaults
[0.369s] Level 1:colcon.colcon_core.package_discovery:discover_packages(prefix_path) check parameters
[0.369s] Level 1:colcon.colcon_core.package_discovery:discover_packages(prefix_path) discover
[0.372s] DEBUG:colcon.colcon_installed_package_information.package_discovery:Found 327 installed packages in /opt/ros/humble
[0.374s] Level 1:colcon.colcon_core.package_discovery:discover_packages(prefix_path) using defaults
[0.412s] Level 5:colcon.colcon_core.verb:set package 'lunabot' build argument 'cmake_args' from command line to 'None'
[0.412s] Level 5:colcon.colcon_core.verb:set package 'lunabot' build argument 'cmake_target' from command line to 'None'
[0.412s] Level 5:colcon.colcon_core.verb:set package 'lunabot' build argument 'cmake_target_skip_unavailable' from command line to 'False'
[0.412s] Level 5:colcon.colcon_core.verb:set package 'lunabot' build argument 'cmake_clean_cache' from command line to 'False'
[0.412s] Level 5:colcon.colcon_core.verb:set package 'lunabot' build argument 'cmake_clean_first' from command line to 'False'
[0.412s] Level 5:colcon.colcon_core.verb:set package 'lunabot' build argument 'cmake_force_configure' from command line to 'False'
[0.412s] Level 5:colcon.colcon_core.verb:set package 'lunabot' build argument 'ament_cmake_args' from command line to 'None'
[0.412s] Level 5:colcon.colcon_core.verb:set package 'lunabot' build argument 'catkin_cmake_args' from command line to 'None'
[0.412s] Level 5:colcon.colcon_core.verb:set package 'lunabot' build argument 'catkin_skip_building_tests' from command line to 'False'
[0.412s] DEBUG:colcon.colcon_core.verb:Building package 'lunabot' with the following arguments: {'ament_cmake_args': None, 'build_base': '/home/ragglesoft/lunabot/build/lunabot', 'catkin_cmake_args': None, 'catkin_skip_building_tests': False, 'cmake_args': None, 'cmake_clean_cache': False, 'cmake_clean_first': False, 'cmake_force_configure': False, 'cmake_target': None, 'cmake_target_skip_unavailable': False, 'install_base': '/home/ragglesoft/lunabot/install/lunabot', 'merge_install': False, 'path': '/home/ragglesoft/lunabot/src/lunabot', 'symlink_install': False, 'test_result_base': None}
[0.412s] INFO:colcon.colcon_core.executor:Executing jobs using 'parallel' executor
[0.413s] DEBUG:colcon.colcon_parallel_executor.executor.parallel:run_until_complete
[0.413s] INFO:colcon.colcon_ros.task.ament_cmake.build:Building ROS package in '/home/ragglesoft/lunabot/src/lunabot' with build type 'ament_cmake'
[0.413s] INFO:colcon.colcon_cmake.task.cmake.build:Building CMake package in '/home/ragglesoft/lunabot/src/lunabot'
[0.417s] INFO:colcon.colcon_core.plugin_system:Skipping extension 'colcon_core.shell.bat': Not used on non-Windows systems
[0.417s] INFO:colcon.colcon_core.shell:Skip shell extension 'powershell' for command environment: Not usable outside of PowerShell
[0.417s] DEBUG:colcon.colcon_core.shell:Skip shell extension 'dsv' for command environment
[0.422s] DEBUG:colcon.colcon_core.event_handler.log_command:Invoking command in '/home/ragglesoft/lunabot/build/lunabot': CMAKE_PREFIX_PATH=/opt/ros/humble /usr/bin/cmake /home/ragglesoft/lunabot/src/lunabot -DCMAKE_INSTALL_PREFIX=/home/ragglesoft/lunabot/install/lunabot
[1.493s] DEBUG:colcon.colcon_core.event_handler.log_command:Invoked command in '/home/ragglesoft/lunabot/build/lunabot' returned '0': CMAKE_PREFIX_PATH=/opt/ros/humble /usr/bin/cmake /home/ragglesoft/lunabot/src/lunabot -DCMAKE_INSTALL_PREFIX=/home/ragglesoft/lunabot/install/lunabot
[1.494s] DEBUG:colcon.colcon_core.event_handler.log_command:Invoking command in '/home/ragglesoft/lunabot/build/lunabot': CMAKE_PREFIX_PATH=/opt/ros/humble /usr/bin/cmake --build /home/ragglesoft/lunabot/build/lunabot -- -j12 -l12
[1.522s] DEBUG:colcon.colcon_core.event_handler.log_command:Invoked command in '/home/ragglesoft/lunabot/build/lunabot' returned '0': CMAKE_PREFIX_PATH=/opt/ros/humble /usr/bin/cmake --build /home/ragglesoft/lunabot/build/lunabot -- -j12 -l12
[1.543s] DEBUG:colcon.colcon_core.event_handler.log_command:Invoking command in '/home/ragglesoft/lunabot/build/lunabot': CMAKE_PREFIX_PATH=/opt/ros/humble /usr/bin/cmake --install /home/ragglesoft/lunabot/build/lunabot
[1.551s] Level 1:colcon.colcon_core.environment:create_environment_scripts_only(lunabot)
[1.551s] DEBUG:colcon.colcon_core.event_handler.log_command:Invoked command in '/home/ragglesoft/lunabot/build/lunabot' returned '0': CMAKE_PREFIX_PATH=/opt/ros/humble /usr/bin/cmake --install /home/ragglesoft/lunabot/build/lunabot
[1.555s] Level 1:colcon.colcon_core.environment:checking '/home/ragglesoft/lunabot/install/lunabot' for CMake module files
[1.555s] Level 1:colcon.colcon_core.environment:checking '/home/ragglesoft/lunabot/install/lunabot' for CMake config files
[1.555s] Level 1:colcon.colcon_core.shell:create_environment_hook('lunabot', 'cmake_prefix_path')
[1.555s] INFO:colcon.colcon_core.shell:Creating environment hook '/home/ragglesoft/lunabot/install/lunabot/share/lunabot/hook/cmake_prefix_path.ps1'
[1.556s] INFO:colcon.colcon_core.shell:Creating environment descriptor '/home/ragglesoft/lunabot/install/lunabot/share/lunabot/hook/cmake_prefix_path.dsv'
[1.556s] INFO:colcon.colcon_core.shell:Creating environment hook '/home/ragglesoft/lunabot/install/lunabot/share/lunabot/hook/cmake_prefix_path.sh'
[1.557s] Level 1:colcon.colcon_core.environment:checking '/home/ragglesoft/lunabot/install/lunabot/bin'
[1.557s] Level 1:colcon.colcon_core.environment:checking '/home/ragglesoft/lunabot/install/lunabot/lib/pkgconfig/lunabot.pc'
[1.557s] Level 1:colcon.colcon_core.environment:checking '/home/ragglesoft/lunabot/install/lunabot/lib/python3.10/site-packages'
[1.558s] Level 1:colcon.colcon_core.environment:checking '/home/ragglesoft/lunabot/install/lunabot/bin'
[1.558s] INFO:colcon.colcon_core.shell:Creating package script '/home/ragglesoft/lunabot/install/lunabot/share/lunabot/package.ps1'
[1.558s] INFO:colcon.colcon_core.shell:Creating package descriptor '/home/ragglesoft/lunabot/install/lunabot/share/lunabot/package.dsv'
[1.559s] INFO:colcon.colcon_core.shell:Creating package script '/home/ragglesoft/lunabot/install/lunabot/share/lunabot/package.sh'
[1.560s] INFO:colcon.colcon_core.shell:Creating package script '/home/ragglesoft/lunabot/install/lunabot/share/lunabot/package.bash'
[1.560s] INFO:colcon.colcon_core.shell:Creating package script '/home/ragglesoft/lunabot/install/lunabot/share/lunabot/package.zsh'
[1.561s] Level 1:colcon.colcon_core.environment:create_file_with_runtime_dependencies(/home/ragglesoft/lunabot/install/lunabot/share/colcon-core/packages/lunabot)
[1.574s] Level 1:colcon.colcon_core.environment:create_environment_scripts_only(lunabot)
[1.574s] Level 1:colcon.colcon_core.environment:checking '/home/ragglesoft/lunabot/install/lunabot' for CMake module files
[1.574s] Level 1:colcon.colcon_core.environment:checking '/home/ragglesoft/lunabot/install/lunabot' for CMake config files
[1.575s] Level 1:colcon.colcon_core.shell:create_environment_hook('lunabot', 'cmake_prefix_path')
[1.575s] INFO:colcon.colcon_core.shell:Creating environment hook '/home/ragglesoft/lunabot/install/lunabot/share/lunabot/hook/cmake_prefix_path.ps1'
[1.575s] INFO:colcon.colcon_core.shell:Creating environment descriptor '/home/ragglesoft/lunabot/install/lunabot/share/lunabot/hook/cmake_prefix_path.dsv'
[1.575s] INFO:colcon.colcon_core.shell:Creating environment hook '/home/ragglesoft/lunabot/install/lunabot/share/lunabot/hook/cmake_prefix_path.sh'
[1.576s] Level 1:colcon.colcon_core.environment:checking '/home/ragglesoft/lunabot/install/lunabot/bin'
[1.576s] Level 1:colcon.colcon_core.environment:checking '/home/ragglesoft/lunabot/install/lunabot/lib/pkgconfig/lunabot.pc'
[1.576s] Level 1:colcon.colcon_core.environment:checking '/home/ragglesoft/lunabot/install/lunabot/lib/python3.10/site-packages'
[1.576s] Level 1:colcon.colcon_core.environment:checking '/home/ragglesoft/lunabot/install/lunabot/bin'
[1.576s] INFO:colcon.colcon_core.shell:Creating package script '/home/ragglesoft/lunabot/install/lunabot/share/lunabot/package.ps1'
[1.577s] INFO:colcon.colcon_core.shell:Creating package descriptor '/home/ragglesoft/lunabot/install/lunabot/share/lunabot/package.dsv'
[1.577s] INFO:colcon.colcon_core.shell:Creating package script '/home/ragglesoft/lunabot/install/lunabot/share/lunabot/package.sh'
[1.577s] INFO:colcon.colcon_core.shell:Creating package script '/home/ragglesoft/lunabot/install/lunabot/share/lunabot/package.bash'
[1.578s] INFO:colcon.colcon_core.shell:Creating package script '/home/ragglesoft/lunabot/install/lunabot/share/lunabot/package.zsh'
[1.578s] Level 1:colcon.colcon_core.environment:create_file_with_runtime_dependencies(/home/ragglesoft/lunabot/install/lunabot/share/colcon-core/packages/lunabot)
[1.578s] DEBUG:colcon.colcon_parallel_executor.executor.parallel:closing loop
[1.578s] DEBUG:colcon.colcon_parallel_executor.executor.parallel:loop closed
[1.578s] DEBUG:colcon.colcon_parallel_executor.executor.parallel:run_until_complete finished with '0'
[1.578s] DEBUG:colcon.colcon_core.event_reactor:joining thread
[1.583s] INFO:colcon.colcon_core.plugin_system:Skipping extension 'colcon_notification.desktop_notification.terminal_notifier': Not used on non-Darwin systems
[1.583s] INFO:colcon.colcon_core.plugin_system:Skipping extension 'colcon_notification.desktop_notification.win32': Not used on non-Windows systems
[1.583s] INFO:colcon.colcon_notification.desktop_notification:Sending desktop notification using 'notify2'
[1.594s] DEBUG:colcon.colcon_core.event_reactor:joined thread
[1.595s] INFO:colcon.colcon_core.shell:Creating prefix script '/home/ragglesoft/lunabot/install/local_setup.ps1'
[1.595s] INFO:colcon.colcon_core.shell:Creating prefix util module '/home/ragglesoft/lunabot/install/_local_setup_util_ps1.py'
[1.597s] INFO:colcon.colcon_core.shell:Creating prefix chain script '/home/ragglesoft/lunabot/install/setup.ps1'
[1.597s] INFO:colcon.colcon_core.shell:Creating prefix script '/home/ragglesoft/lunabot/install/local_setup.sh'
[1.598s] INFO:colcon.colcon_core.shell:Creating prefix util module '/home/ragglesoft/lunabot/install/_local_setup_util_sh.py'
[1.598s] INFO:colcon.colcon_core.shell:Creating prefix chain script '/home/ragglesoft/lunabot/install/setup.sh'
[1.599s] INFO:colcon.colcon_core.shell:Creating prefix script '/home/ragglesoft/lunabot/install/local_setup.bash'
[1.600s] INFO:colcon.colcon_core.shell:Creating prefix chain script '/home/ragglesoft/lunabot/install/setup.bash'
[1.600s] INFO:colcon.colcon_core.shell:Creating prefix script '/home/ragglesoft/lunabot/install/local_setup.zsh'
[1.601s] INFO:colcon.colcon_core.shell:Creating prefix chain script '/home/ragglesoft/lunabot/install/setup.zsh'
