[0.013s] Invoking command in '/home/ragglesoft/Desktop/ros_ws/build/lunabot': /usr/bin/cmake --build /home/ragglesoft/Desktop/ros_ws/build/lunabot -- -j12 -l12
[0.028s] -- Found ament_cmake: 1.3.10 (/opt/ros/humble/share/ament_cmake/cmake)
[0.120s] -- Found image_transport: 3.1.9 (/opt/ros/humble/share/image_transport/cmake)
[0.145s] -- Found rosidl_generator_c: 3.1.5 (/opt/ros/humble/share/rosidl_generator_c/cmake)
[0.147s] -- Found rosidl_adapter: 3.1.5 (/opt/ros/humble/share/rosidl_adapter/cmake)
[0.151s] -- Found rosidl_generator_cpp: 3.1.5 (/opt/ros/humble/share/rosidl_generator_cpp/cmake)
[0.159s] -- Using all available rosidl_typesupport_c: rosidl_typesupport_fastrtps_c;rosidl_typesupport_introspection_c
[0.168s] -- Using all available rosidl_typesupport_cpp: rosidl_typesupport_fastrtps_cpp;rosidl_typesupport_introspection_cpp
[0.194s] -- Found rmw_implementation_cmake: 6.1.2 (/opt/ros/humble/share/rmw_implementation_cmake/cmake)
[0.195s] -- Found rmw_fastrtps_cpp: 6.2.7 (/opt/ros/humble/share/rmw_fastrtps_cpp/cmake)
[0.269s] -- Using RMW implementation 'rmw_fastrtps_cpp' as default
[0.344s] -- Found rclpy: 3.3.14 (/opt/ros/humble/share/rclpy/cmake)
[0.345s] -- Found rosidl_default_generators: 1.2.0 (/opt/ros/humble/share/rosidl_default_generators/cmake)
[0.357s] [31mCMake Error at CMakeLists.txt:15 (find_package):
[0.357s]   By not providing "FindOpenCv.cmake" in CMAKE_MODULE_PATH this project has
[0.357s]   asked CMake to find a package configuration file provided by "OpenCv", but
[0.357s]   CMake did not find one.
[0.357s] 
[0.358s]   Could not find a package configuration file provided by "OpenCv" with any
[0.358s]   of the following names:
[0.358s] 
[0.358s]     OpenCvConfig.cmake
[0.358s]     opencv-config.cmake
[0.358s] 
[0.358s]   Add the installation prefix of "OpenCv" to CMAKE_PREFIX_PATH or set
[0.358s]   "OpenCv_DIR" to a directory containing one of the above files.  If "OpenCv"
[0.358s]   provides a separate development package or SDK, be sure it has been
[0.358s]   installed.
[0.358s] 
[0.358s] [0m
[0.358s] -- Configuring incomplete, errors occurred!
[0.358s] See also "/home/ragglesoft/Desktop/ros_ws/build/lunabot/CMakeFiles/CMakeOutput.log".
[0.362s] gmake: *** [Makefile:226: cmake_check_build_system] Error 1
[0.364s] Invoked command in '/home/ragglesoft/Desktop/ros_ws/build/lunabot' returned '2': /usr/bin/cmake --build /home/ragglesoft/Desktop/ros_ws/build/lunabot -- -j12 -l12
