[0.009s] Invoking command in '/home/ragglesoft/lunabot/build/lunabot': CMAKE_PREFIX_PATH=/opt/ros/humble /usr/bin/cmake /home/ragglesoft/lunabot/src/lunabot -DCMAKE_INSTALL_PREFIX=/home/ragglesoft/lunabot/install/lunabot
[0.080s] -- The C compiler identification is GNU 11.4.0
[0.143s] -- The CXX compiler identification is GNU 11.4.0
[0.150s] -- Detecting C compiler ABI info
[0.198s] -- Detecting C compiler ABI info - done
[0.204s] -- Check for working C compiler: /usr/bin/cc - skipped
[0.204s] -- Detecting C compile features
[0.204s] -- Detecting C compile features - done
[0.207s] -- Detecting CXX compiler ABI info
[0.262s] -- Detecting CXX compiler ABI info - done
[0.268s] -- Check for working CXX compiler: /usr/bin/c++ - skipped
[0.268s] -- Detecting CXX compile features
[0.269s] -- Detecting CXX compile features - done
[0.271s] -- Found ament_cmake: 1.3.10 (/opt/ros/humble/share/ament_cmake/cmake)
[0.382s] -- Found Python3: /usr/bin/python3 (found version "3.10.12") found components: Interpreter 
[0.456s] -- Found rclcpp: 16.0.10 (/opt/ros/humble/share/rclcpp/cmake)
[0.496s] -- Found rosidl_generator_c: 3.1.5 (/opt/ros/humble/share/rosidl_generator_c/cmake)
[0.501s] -- Found rosidl_adapter: 3.1.5 (/opt/ros/humble/share/rosidl_adapter/cmake)
[0.510s] -- Found rosidl_generator_cpp: 3.1.5 (/opt/ros/humble/share/rosidl_generator_cpp/cmake)
[0.522s] -- Using all available rosidl_typesupport_c: rosidl_typesupport_fastrtps_c;rosidl_typesupport_introspection_c
[0.539s] -- Using all available rosidl_typesupport_cpp: rosidl_typesupport_fastrtps_cpp;rosidl_typesupport_introspection_cpp
[0.583s] -- Found rmw_implementation_cmake: 6.1.2 (/opt/ros/humble/share/rmw_implementation_cmake/cmake)
[0.586s] -- Found rmw_fastrtps_cpp: 6.2.7 (/opt/ros/humble/share/rmw_fastrtps_cpp/cmake)
[0.652s] -- Found OpenSSL: /usr/lib/x86_64-linux-gnu/libcrypto.so (found version "3.0.2")  
[0.674s] -- Found FastRTPS: /opt/ros/humble/include  
[0.707s] -- Using RMW implementation 'rmw_fastrtps_cpp' as default
[0.715s] -- Looking for pthread.h
[0.769s] -- Looking for pthread.h - found
[0.769s] -- Performing Test CMAKE_HAVE_LIBC_PTHREAD
[0.817s] -- Performing Test CMAKE_HAVE_LIBC_PTHREAD - Success
[0.818s] -- Found Threads: TRUE  
[0.871s] -- Found rclpy: 3.3.14 (/opt/ros/humble/share/rclpy/cmake)
[0.872s] -- Found rclcpp_action: 16.0.10 (/opt/ros/humble/share/rclcpp_action/cmake)
[0.909s] -- Found nav_msgs: 4.2.4 (/opt/ros/humble/share/nav_msgs/cmake)
[0.942s] -- Found sensor_msgs: 4.2.4 (/opt/ros/humble/share/sensor_msgs/cmake)
[0.960s] -- Found image_transport: 3.1.9 (/opt/ros/humble/share/image_transport/cmake)
[0.991s] -- Found cv_bridge: 3.2.1 (/opt/ros/humble/share/cv_bridge/cmake)
[1.004s] -- Found OpenCV: /usr (found version "4.5.4") 
[1.005s] -- Found ament_lint_auto: 0.12.11 (/opt/ros/humble/share/ament_lint_auto/cmake)
[1.066s] -- Added test 'lint_cmake' to check CMake code style
[1.067s] -- Added test 'xmllint' to check XML markup files
[1.068s] -- Configuring done
[1.071s] -- Generating done
[1.072s] -- Build files have been written to: /home/ragglesoft/lunabot/build/lunabot
[1.079s] Invoked command in '/home/ragglesoft/lunabot/build/lunabot' returned '0': CMAKE_PREFIX_PATH=/opt/ros/humble /usr/bin/cmake /home/ragglesoft/lunabot/src/lunabot -DCMAKE_INSTALL_PREFIX=/home/ragglesoft/lunabot/install/lunabot
[1.080s] Invoking command in '/home/ragglesoft/lunabot/build/lunabot': CMAKE_PREFIX_PATH=/opt/ros/humble /usr/bin/cmake --build /home/ragglesoft/lunabot/build/lunabot -- -j12 -l12
[1.109s] Invoked command in '/home/ragglesoft/lunabot/build/lunabot' returned '0': CMAKE_PREFIX_PATH=/opt/ros/humble /usr/bin/cmake --build /home/ragglesoft/lunabot/build/lunabot -- -j12 -l12
[1.130s] Invoking command in '/home/ragglesoft/lunabot/build/lunabot': CMAKE_PREFIX_PATH=/opt/ros/humble /usr/bin/cmake --install /home/ragglesoft/lunabot/build/lunabot
[1.134s] -- Install configuration: ""
[1.135s] -- Installing: /home/ragglesoft/lunabot/install/lunabot/share/ament_index/resource_index/package_run_dependencies/lunabot
[1.135s] -- Installing: /home/ragglesoft/lunabot/install/lunabot/share/ament_index/resource_index/parent_prefix_path/lunabot
[1.135s] -- Installing: /home/ragglesoft/lunabot/install/lunabot/share/lunabot/environment/ament_prefix_path.sh
[1.135s] -- Installing: /home/ragglesoft/lunabot/install/lunabot/share/lunabot/environment/ament_prefix_path.dsv
[1.135s] -- Installing: /home/ragglesoft/lunabot/install/lunabot/share/lunabot/environment/path.sh
[1.135s] -- Installing: /home/ragglesoft/lunabot/install/lunabot/share/lunabot/environment/path.dsv
[1.135s] -- Installing: /home/ragglesoft/lunabot/install/lunabot/share/lunabot/local_setup.bash
[1.135s] -- Installing: /home/ragglesoft/lunabot/install/lunabot/share/lunabot/local_setup.sh
[1.135s] -- Installing: /home/ragglesoft/lunabot/install/lunabot/share/lunabot/local_setup.zsh
[1.136s] -- Installing: /home/ragglesoft/lunabot/install/lunabot/share/lunabot/local_setup.dsv
[1.136s] -- Installing: /home/ragglesoft/lunabot/install/lunabot/share/lunabot/package.dsv
[1.136s] -- Installing: /home/ragglesoft/lunabot/install/lunabot/share/ament_index/resource_index/packages/lunabot
[1.136s] -- Installing: /home/ragglesoft/lunabot/install/lunabot/share/lunabot/cmake/lunabotConfig.cmake
[1.136s] -- Installing: /home/ragglesoft/lunabot/install/lunabot/share/lunabot/cmake/lunabotConfig-version.cmake
[1.136s] -- Installing: /home/ragglesoft/lunabot/install/lunabot/share/lunabot/package.xml
[1.137s] Invoked command in '/home/ragglesoft/lunabot/build/lunabot' returned '0': CMAKE_PREFIX_PATH=/opt/ros/humble /usr/bin/cmake --install /home/ragglesoft/lunabot/build/lunabot
