[0.007s] Invoking command in '/home/ragglesoft/Desktop/ros_ws/build/lunabot': /usr/bin/cmake --build /home/ragglesoft/Desktop/ros_ws/build/lunabot -- -j12 -l12
[0.022s] -- Found ament_cmake: 1.3.10 (/opt/ros/humble/share/ament_cmake/cmake)
[0.106s] -- Found image_transport: 3.1.9 (/opt/ros/humble/share/image_transport/cmake)
[0.128s] -- Found rosidl_generator_c: 3.1.5 (/opt/ros/humble/share/rosidl_generator_c/cmake)
[0.130s] -- Found rosidl_adapter: 3.1.5 (/opt/ros/humble/share/rosidl_adapter/cmake)
[0.135s] -- Found rosidl_generator_cpp: 3.1.5 (/opt/ros/humble/share/rosidl_generator_cpp/cmake)
[0.142s] -- Using all available rosidl_typesupport_c: rosidl_typesupport_fastrtps_c;rosidl_typesupport_introspection_c
[0.151s] -- Using all available rosidl_typesupport_cpp: rosidl_typesupport_fastrtps_cpp;rosidl_typesupport_introspection_cpp
[0.174s] -- Found rmw_implementation_cmake: 6.1.2 (/opt/ros/humble/share/rmw_implementation_cmake/cmake)
[0.175s] -- Found rmw_fastrtps_cpp: 6.2.7 (/opt/ros/humble/share/rmw_fastrtps_cpp/cmake)
[0.243s] -- Using RMW implementation 'rmw_fastrtps_cpp' as default
[0.313s] -- Found rclpy: 3.3.14 (/opt/ros/humble/share/rclpy/cmake)
[0.313s] -- Found rosidl_default_generators: 1.2.0 (/opt/ros/humble/share/rosidl_default_generators/cmake)
[0.339s] -- Found OpenCV: /usr (found version "4.5.4") 
[0.340s] [31mCMake Error at /opt/ros/humble/share/rosidl_cmake/cmake/rosidl_generate_interfaces.cmake:93 (message):
[0.340s]   rosidl_generate_interfaces() the passed file 'msg/YoloV8Inference.msg'
[0.341s]   doesn't exist relative to the CMAKE_CURRENT_SOURCE_DIR
[0.341s]   '/home/ragglesoft/Desktop/ros_ws/src/lunabot'
[0.341s] Call Stack (most recent call first):
[0.341s]   CMakeLists.txt:19 (rosidl_generate_interfaces)
[0.341s] 
[0.341s] [0m
[0.341s] -- Configuring incomplete, errors occurred!
[0.341s] See also "/home/ragglesoft/Desktop/ros_ws/build/lunabot/CMakeFiles/CMakeOutput.log".
[0.347s] gmake: *** [Makefile:226: cmake_check_build_system] Error 1
[0.349s] Invoked command in '/home/ragglesoft/Desktop/ros_ws/build/lunabot' returned '2': /usr/bin/cmake --build /home/ragglesoft/Desktop/ros_ws/build/lunabot -- -j12 -l12
