[0.006s] Invoking command in '/home/ragglesoft/Desktop/ros_ws/build/lunabot': /usr/bin/cmake --build /home/ragglesoft/Desktop/ros_ws/build/lunabot -- -j12 -l12
[0.020s] -- Found ament_cmake: 1.3.10 (/opt/ros/humble/share/ament_cmake/cmake)
[0.114s] Traceback (most recent call last):
[0.115s]   File "/opt/ros/humble/share/ament_cmake_core/cmake/package_templates/templates_2_cmake.py", line 21, in <module>
[0.115s]     from ament_package.templates import get_environment_hook_template_path
[0.115s] ModuleNotFoundError: No module named 'ament_package'
[0.122s] [31mCMake Error at /opt/ros/humble/share/ament_cmake_core/cmake/ament_cmake_package_templates-extras.cmake:41 (message):
[0.122s]   execute_process(/usr/bin/python3
[0.123s]   /opt/ros/humble/share/ament_cmake_core/cmake/package_templates/templates_2_cmake.py
[0.123s]   /home/ragglesoft/Desktop/ros_ws/build/lunabot/ament_cmake_package_templates/templates.cmake)
[0.123s]   returned error code 1
[0.123s] Call Stack (most recent call first):
[0.123s]   /opt/ros/humble/share/ament_cmake_core/cmake/ament_cmake_coreConfig.cmake:41 (include)
[0.123s]   /opt/ros/humble/share/ament_cmake/cmake/ament_cmake_export_dependencies-extras.cmake:15 (find_package)
[0.123s]   /opt/ros/humble/share/ament_cmake/cmake/ament_cmakeConfig.cmake:41 (include)
[0.123s]   CMakeLists.txt:9 (find_package)
[0.123s] 
[0.123s] [0m
[0.123s] -- Configuring incomplete, errors occurred!
[0.123s] See also "/home/ragglesoft/Desktop/ros_ws/build/lunabot/CMakeFiles/CMakeOutput.log".
[0.124s] gmake: *** [Makefile:226: cmake_check_build_system] Error 1
[0.126s] Invoked command in '/home/ragglesoft/Desktop/ros_ws/build/lunabot' returned '2': /usr/bin/cmake --build /home/ragglesoft/Desktop/ros_ws/build/lunabot -- -j12 -l12
