[0.007s] Invoking command in '/home/ragglesoft/Desktop/ros_ws/build/lunabot': /usr/bin/cmake --build /home/ragglesoft/Desktop/ros_ws/build/lunabot -- -j12 -l12
[0.022s] -- Found ament_cmake: 1.3.10 (/opt/ros/humble/share/ament_cmake/cmake)
[0.112s] -- Found image_transport: 3.1.9 (/opt/ros/humble/share/image_transport/cmake)
[0.155s] -- Found rosidl_generator_c: 3.1.5 (/opt/ros/humble/share/rosidl_generator_c/cmake)
[0.160s] -- Found rosidl_adapter: 3.1.5 (/opt/ros/humble/share/rosidl_adapter/cmake)
[0.167s] -- Found rosidl_generator_cpp: 3.1.5 (/opt/ros/humble/share/rosidl_generator_cpp/cmake)
[0.179s] -- Using all available rosidl_typesupport_c: rosidl_typesupport_fastrtps_c;rosidl_typesupport_introspection_c
[0.193s] -- Using all available rosidl_typesupport_cpp: rosidl_typesupport_fastrtps_cpp;rosidl_typesupport_introspection_cpp
[0.238s] -- Found rmw_implementation_cmake: 6.1.2 (/opt/ros/humble/share/rmw_implementation_cmake/cmake)
[0.240s] -- Found rmw_fastrtps_cpp: 6.2.7 (/opt/ros/humble/share/rmw_fastrtps_cpp/cmake)
[0.301s] -- Found OpenSSL: /usr/lib/x86_64-linux-gnu/libcrypto.so (found version "3.0.2")  
[0.321s] -- Found FastRTPS: /opt/ros/humble/include  
[0.349s] -- Using RMW implementation 'rmw_fastrtps_cpp' as default
[0.357s] -- Looking for pthread.h
[0.408s] -- Looking for pthread.h - found
[0.408s] -- Performing Test CMAKE_HAVE_LIBC_PTHREAD
[0.458s] -- Performing Test CMAKE_HAVE_LIBC_PTHREAD - Success
[0.459s] -- Found Threads: TRUE  
[0.561s] -- Found rclpy: 3.3.14 (/opt/ros/humble/share/rclpy/cmake)
[0.562s] -- Found rosidl_default_generators: 1.2.0 (/opt/ros/humble/share/rosidl_default_generators/cmake)
[0.576s] [31mCMake Error at CMakeLists.txt:15 (find_package):
[0.576s]   By not providing "FindOpenCv.cmake" in CMAKE_MODULE_PATH this project has
[0.576s]   asked CMake to find a package configuration file provided by "OpenCv", but
[0.576s]   CMake did not find one.
[0.576s] 
[0.576s]   Could not find a package configuration file provided by "OpenCv" with any
[0.576s]   of the following names:
[0.576s] 
[0.576s]     OpenCvConfig.cmake
[0.576s]     opencv-config.cmake
[0.576s] 
[0.576s]   Add the installation prefix of "OpenCv" to CMAKE_PREFIX_PATH or set
[0.576s]   "OpenCv_DIR" to a directory containing one of the above files.  If "OpenCv"
[0.576s]   provides a separate development package or SDK, be sure it has been
[0.576s]   installed.
[0.576s] 
[0.576s] [0m
[0.576s] -- Configuring incomplete, errors occurred!
[0.576s] See also "/home/ragglesoft/Desktop/ros_ws/build/lunabot/CMakeFiles/CMakeOutput.log".
[0.580s] gmake: *** [Makefile:226: cmake_check_build_system] Error 1
[0.581s] Invoked command in '/home/ragglesoft/Desktop/ros_ws/build/lunabot' returned '2': /usr/bin/cmake --build /home/ragglesoft/Desktop/ros_ws/build/lunabot -- -j12 -l12
