[0.007s] Invoking command in '/home/ragglesoft/Desktop/ros_ws/build/lunabot': /usr/bin/cmake --build /home/ragglesoft/Desktop/ros_ws/build/lunabot -- -j12 -l12
[0.022s] -- Found ament_cmake: 1.3.10 (/opt/ros/humble/share/ament_cmake/cmake)
[0.107s] -- Found image_transport: 3.1.9 (/opt/ros/humble/share/image_transport/cmake)
[0.130s] -- Found rosidl_generator_c: 3.1.5 (/opt/ros/humble/share/rosidl_generator_c/cmake)
[0.131s] -- Found rosidl_adapter: 3.1.5 (/opt/ros/humble/share/rosidl_adapter/cmake)
[0.135s] -- Found rosidl_generator_cpp: 3.1.5 (/opt/ros/humble/share/rosidl_generator_cpp/cmake)
[0.142s] -- Using all available rosidl_typesupport_c: rosidl_typesupport_fastrtps_c;rosidl_typesupport_introspection_c
[0.151s] -- Using all available rosidl_typesupport_cpp: rosidl_typesupport_fastrtps_cpp;rosidl_typesupport_introspection_cpp
[0.174s] -- Found rmw_implementation_cmake: 6.1.2 (/opt/ros/humble/share/rmw_implementation_cmake/cmake)
[0.175s] -- Found rmw_fastrtps_cpp: 6.2.7 (/opt/ros/humble/share/rmw_fastrtps_cpp/cmake)
[0.244s] -- Using RMW implementation 'rmw_fastrtps_cpp' as default
[0.313s] -- Found rclpy: 3.3.14 (/opt/ros/humble/share/rclpy/cmake)
[0.314s] -- Found rosidl_default_generators: 1.2.0 (/opt/ros/humble/share/rosidl_default_generators/cmake)
[0.450s] Error parsing '/home/ragglesoft/Desktop/ros_ws/src/lunabot/package.xml':
[0.482s] Traceback (most recent call last):
[0.482s]   File "/usr/lib/python3/dist-packages/catkin_pkg/package.py", line 610, in parse_package_string
[0.482s]     root = dom.parseString(data)
[0.482s]   File "/usr/lib/python3.10/xml/dom/minidom.py", line 2000, in parseString
[0.482s]     return expatbuilder.parseString(string)
[0.482s]   File "/usr/lib/python3.10/xml/dom/expatbuilder.py", line 925, in parseString
[0.482s]     return builder.parseString(string)
[0.482s]   File "/usr/lib/python3.10/xml/dom/expatbuilder.py", line 223, in parseString
[0.482s]     parser.Parse(string, True)
[0.482s] xml.parsers.expat.ExpatError: mismatched tag: line 28, column 2
[0.482s] 
[0.482s] During handling of the above exception, another exception occurred:
[0.482s] 
[0.483s] Traceback (most recent call last):
[0.483s]   File "/opt/ros/humble/share/ament_cmake_core/cmake/core/package_xml_2_cmake.py", line 150, in <module>
[0.483s]     main()
[0.483s]   File "/opt/ros/humble/share/ament_cmake_core/cmake/core/package_xml_2_cmake.py", line 53, in main
[0.483s]     raise e
[0.483s]   File "/opt/ros/humble/share/ament_cmake_core/cmake/core/package_xml_2_cmake.py", line 49, in main
[0.483s]     package = parse_package_string(
[0.483s]   File "/usr/lib/python3/dist-packages/catkin_pkg/package.py", line 612, in parse_package_string
[0.483s]     raise InvalidPackage('The manifest contains invalid XML:\n%s' % ex, filename)
[0.483s] catkin_pkg.package.InvalidPackage: Error(s) in package '/home/ragglesoft/Desktop/ros_ws/src/lunabot/package.xml':
[0.483s] The manifest contains invalid XML:
[0.483s] mismatched tag: line 28, column 2
[0.492s] [31mCMake Error at /opt/ros/humble/share/ament_cmake_core/cmake/core/ament_package_xml.cmake:95 (message):
[0.492s]   execute_process(/usr/bin/python3
[0.492s]   /opt/ros/humble/share/ament_cmake_core/cmake/core/package_xml_2_cmake.py
[0.492s]   /home/ragglesoft/Desktop/ros_ws/src/lunabot/package.xml
[0.492s]   /home/ragglesoft/Desktop/ros_ws/build/lunabot/ament_cmake_core/package.cmake)
[0.492s]   returned error code 1
[0.492s] Call Stack (most recent call first):
[0.492s]   /opt/ros/humble/share/ament_cmake_core/cmake/core/ament_package_xml.cmake:49 (_ament_package_xml)
[0.492s]   /opt/ros/humble/share/rosidl_cmake/cmake/rosidl_generate_interfaces.cmake:226 (ament_package_xml)
[0.492s]   CMakeLists.txt:19 (rosidl_generate_interfaces)
[0.492s] 
[0.492s] [0m
[0.492s] -- Configuring incomplete, errors occurred!
[0.493s] See also "/home/ragglesoft/Desktop/ros_ws/build/lunabot/CMakeFiles/CMakeOutput.log".
[0.498s] gmake: *** [Makefile:226: cmake_check_build_system] Error 1
[0.499s] Invoked command in '/home/ragglesoft/Desktop/ros_ws/build/lunabot' returned '2': /usr/bin/cmake --build /home/ragglesoft/Desktop/ros_ws/build/lunabot -- -j12 -l12
